2023/10/05 21:33:55 [emerg] 1#1: "server" directive is not allowed here in /etc/nginx/nginx.conf:2
2023/10/05 21:38:02 [emerg] 1#1: "server" directive is not allowed here in /etc/nginx/nginx.conf:2
2023/10/05 21:41:13 [emerg] 1#1: "http" directive is not allowed here in /etc/nginx/conf.d/api.nginx.conf:2
2023/10/05 21:44:03 [emerg] 1#1: "http" directive is not allowed here in /etc/nginx/conf.d/api.nginx.conf:2
2023/10/05 21:46:04 [emerg] 1#1: host not found in upstream "api" in /etc/nginx/conf.d/api.nginx.conf:14
2023/10/05 21:47:20 [emerg] 1#1: host not found in upstream "api:8080" in /etc/nginx/conf.d/api.nginx.conf:3
2023/10/05 21:48:54 [emerg] 1#1: host not found in upstream "api:8080" in /etc/nginx/conf.d/api.nginx.conf:3
2023/10/05 21:50:24 [emerg] 1#1: host not found in upstream "api:8080" in /etc/nginx/conf.d/api.nginx.conf:3
2023/10/05 21:51:04 [emerg] 1#1: host not found in upstream "api:8080" in /etc/nginx/conf.d/api.nginx.conf:3
2023/10/05 21:52:44 [emerg] 1#1: upstream "api" may not have port 8080 in /etc/nginx/conf.d/api.nginx.conf:20
2023/10/05 21:53:50 [notice] 1#1: using the "epoll" event method
2023/10/05 21:53:50 [notice] 1#1: nginx/1.25.2
2023/10/05 21:53:50 [notice] 1#1: built by gcc 12.2.1 20220924 (Alpine 12.2.1_git20220924-r10) 
2023/10/05 21:53:50 [notice] 1#1: OS: Linux 5.15.49-linuxkit-pr
2023/10/05 21:53:50 [notice] 1#1: getrlimit(RLIMIT_NOFILE): 1048576:1048576
2023/10/05 21:53:50 [notice] 1#1: start worker processes
2023/10/05 21:53:50 [notice] 1#1: start worker process 20
2023/10/05 21:53:50 [notice] 1#1: start worker process 21
2023/10/05 21:53:50 [notice] 1#1: start worker process 22
2023/10/05 21:53:50 [notice] 1#1: start worker process 23
2023/10/05 21:53:50 [notice] 1#1: start worker process 24
2023/10/05 21:53:50 [notice] 1#1: start worker process 25
2023/10/05 21:54:24 [emerg] 1#1: host not found in upstream "api:8080" in /etc/nginx/conf.d/api.nginx.conf:3
2023/10/05 21:56:20 [notice] 1#1: using the "epoll" event method
2023/10/05 21:56:20 [notice] 1#1: nginx/1.25.2
2023/10/05 21:56:20 [notice] 1#1: built by gcc 12.2.1 20220924 (Alpine 12.2.1_git20220924-r10) 
2023/10/05 21:56:20 [notice] 1#1: OS: Linux 5.15.49-linuxkit-pr
2023/10/05 21:56:20 [notice] 1#1: getrlimit(RLIMIT_NOFILE): 1048576:1048576
2023/10/05 21:56:20 [notice] 1#1: start worker processes
2023/10/05 21:56:20 [notice] 1#1: start worker process 20
2023/10/05 21:56:20 [notice] 1#1: start worker process 21
2023/10/05 21:56:20 [notice] 1#1: start worker process 22
2023/10/05 21:56:20 [notice] 1#1: start worker process 23
2023/10/05 21:56:20 [notice] 1#1: start worker process 24
2023/10/05 21:56:20 [notice] 1#1: start worker process 25
2023/10/05 22:05:06 [notice] 1#1: using the "epoll" event method
2023/10/05 22:05:06 [notice] 1#1: nginx/1.25.2
2023/10/05 22:05:06 [notice] 1#1: built by gcc 12.2.1 20220924 (Alpine 12.2.1_git20220924-r10) 
2023/10/05 22:05:06 [notice] 1#1: OS: Linux 5.15.49-linuxkit-pr
2023/10/05 22:05:06 [notice] 1#1: getrlimit(RLIMIT_NOFILE): 1048576:1048576
2023/10/05 22:05:06 [notice] 1#1: start worker processes
2023/10/05 22:05:06 [notice] 1#1: start worker process 20
2023/10/05 22:05:06 [notice] 1#1: start worker process 21
2023/10/05 22:05:06 [notice] 1#1: start worker process 22
2023/10/05 22:05:06 [notice] 1#1: start worker process 23
2023/10/05 22:05:06 [notice] 1#1: start worker process 24
2023/10/05 22:05:06 [notice] 1#1: start worker process 25
2023/10/05 22:23:33 [notice] 1#1: signal 3 (SIGQUIT) received, shutting down
2023/10/05 22:23:33 [notice] 25#25: gracefully shutting down
2023/10/05 22:23:33 [notice] 24#24: gracefully shutting down
2023/10/05 22:23:33 [notice] 24#24: exiting
2023/10/05 22:23:33 [notice] 23#23: gracefully shutting down
2023/10/05 22:23:33 [notice] 22#22: gracefully shutting down
2023/10/05 22:23:33 [notice] 22#22: exiting
2023/10/05 22:23:33 [notice] 21#21: gracefully shutting down
2023/10/05 22:23:33 [notice] 20#20: gracefully shutting down
2023/10/05 22:23:33 [notice] 25#25: exiting
2023/10/05 22:23:33 [notice] 24#24: exit
2023/10/05 22:23:33 [notice] 23#23: exiting
2023/10/05 22:23:33 [notice] 22#22: exit
2023/10/05 22:23:33 [notice] 21#21: exiting
2023/10/05 22:23:33 [notice] 20#20: exiting
2023/10/05 22:23:33 [notice] 25#25: exit
2023/10/05 22:23:33 [notice] 23#23: exit
2023/10/05 22:23:33 [notice] 21#21: exit
2023/10/05 22:23:33 [notice] 20#20: exit
2023/10/05 22:23:33 [notice] 1#1: signal 17 (SIGCHLD) received from 24
2023/10/05 22:23:33 [notice] 1#1: worker process 24 exited with code 0
2023/10/05 22:23:33 [notice] 1#1: worker process 22 exited with code 0
2023/10/05 22:23:33 [notice] 1#1: signal 29 (SIGIO) received
2023/10/05 22:23:33 [notice] 1#1: signal 17 (SIGCHLD) received from 22
2023/10/05 22:23:33 [notice] 1#1: signal 17 (SIGCHLD) received from 21
2023/10/05 22:23:33 [notice] 1#1: worker process 21 exited with code 0
2023/10/05 22:23:33 [notice] 1#1: signal 29 (SIGIO) received
2023/10/05 22:23:33 [notice] 1#1: signal 17 (SIGCHLD) received from 23
2023/10/05 22:23:33 [notice] 1#1: worker process 23 exited with code 0
2023/10/05 22:23:33 [notice] 1#1: worker process 20 exited with code 0
2023/10/05 22:23:33 [notice] 1#1: worker process 25 exited with code 0
2023/10/05 22:23:33 [notice] 1#1: exit
2023/10/05 22:28:55 [notice] 1#1: using the "epoll" event method
2023/10/05 22:28:55 [notice] 1#1: nginx/1.25.2
2023/10/05 22:28:55 [notice] 1#1: built by gcc 12.2.1 20220924 (Alpine 12.2.1_git20220924-r10) 
2023/10/05 22:28:55 [notice] 1#1: OS: Linux 5.15.49-linuxkit-pr
2023/10/05 22:28:55 [notice] 1#1: getrlimit(RLIMIT_NOFILE): 1048576:1048576
2023/10/05 22:28:55 [notice] 1#1: start worker processes
2023/10/05 22:28:55 [notice] 1#1: start worker process 20
2023/10/05 22:28:55 [notice] 1#1: start worker process 21
2023/10/05 22:28:55 [notice] 1#1: start worker process 22
2023/10/05 22:28:55 [notice] 1#1: start worker process 23
2023/10/05 22:28:55 [notice] 1#1: start worker process 24
2023/10/05 22:28:55 [notice] 1#1: start worker process 25
2023/10/05 22:30:15 [notice] 1#1: using the "epoll" event method
2023/10/05 22:30:15 [notice] 1#1: nginx/1.25.2
2023/10/05 22:30:15 [notice] 1#1: built by gcc 12.2.1 20220924 (Alpine 12.2.1_git20220924-r10) 
2023/10/05 22:30:15 [notice] 1#1: OS: Linux 5.15.49-linuxkit-pr
2023/10/05 22:30:15 [notice] 1#1: getrlimit(RLIMIT_NOFILE): 1048576:1048576
2023/10/05 22:30:15 [notice] 1#1: start worker processes
2023/10/05 22:30:15 [notice] 1#1: start worker process 20
2023/10/05 22:30:15 [notice] 1#1: start worker process 21
2023/10/05 22:30:15 [notice] 1#1: start worker process 22
2023/10/05 22:30:15 [notice] 1#1: start worker process 23
2023/10/05 22:30:15 [notice] 1#1: start worker process 24
2023/10/05 22:30:15 [notice] 1#1: start worker process 25
2023/10/05 22:32:10 [notice] 1#1: using the "epoll" event method
2023/10/05 22:32:10 [notice] 1#1: nginx/1.25.2
2023/10/05 22:32:10 [notice] 1#1: built by gcc 12.2.1 20220924 (Alpine 12.2.1_git20220924-r10) 
2023/10/05 22:32:10 [notice] 1#1: OS: Linux 5.15.49-linuxkit-pr
2023/10/05 22:32:10 [notice] 1#1: getrlimit(RLIMIT_NOFILE): 1048576:1048576
2023/10/05 22:32:10 [notice] 1#1: start worker processes
2023/10/05 22:32:10 [notice] 1#1: start worker process 19
2023/10/05 22:32:10 [notice] 1#1: start worker process 20
2023/10/05 22:32:10 [notice] 1#1: start worker process 21
2023/10/05 22:32:10 [notice] 1#1: start worker process 22
2023/10/05 22:32:10 [notice] 1#1: start worker process 23
2023/10/05 22:32:10 [notice] 1#1: start worker process 24
2023/10/05 22:32:48 [notice] 1#1: using the "epoll" event method
2023/10/05 22:32:48 [notice] 1#1: nginx/1.25.2
2023/10/05 22:32:48 [notice] 1#1: built by gcc 12.2.1 20220924 (Alpine 12.2.1_git20220924-r10) 
2023/10/05 22:32:48 [notice] 1#1: OS: Linux 5.15.49-linuxkit-pr
2023/10/05 22:32:48 [notice] 1#1: getrlimit(RLIMIT_NOFILE): 1048576:1048576
2023/10/05 22:32:48 [notice] 1#1: start worker processes
2023/10/05 22:32:48 [notice] 1#1: start worker process 20
2023/10/05 22:32:48 [notice] 1#1: start worker process 21
2023/10/05 22:32:48 [notice] 1#1: start worker process 22
2023/10/05 22:32:48 [notice] 1#1: start worker process 23
2023/10/05 22:32:48 [notice] 1#1: start worker process 24
2023/10/05 22:32:48 [notice] 1#1: start worker process 25
2023/10/05 22:34:07 [notice] 1#1: using the "epoll" event method
2023/10/05 22:34:07 [notice] 1#1: nginx/1.25.2
2023/10/05 22:34:07 [notice] 1#1: built by gcc 12.2.1 20220924 (Alpine 12.2.1_git20220924-r10) 
2023/10/05 22:34:07 [notice] 1#1: OS: Linux 5.15.49-linuxkit-pr
2023/10/05 22:34:07 [notice] 1#1: getrlimit(RLIMIT_NOFILE): 1048576:1048576
2023/10/05 22:34:07 [notice] 1#1: start worker processes
2023/10/05 22:34:07 [notice] 1#1: start worker process 20
2023/10/05 22:34:07 [notice] 1#1: start worker process 21
2023/10/05 22:34:07 [notice] 1#1: start worker process 22
2023/10/05 22:34:07 [notice] 1#1: start worker process 23
2023/10/05 22:34:07 [notice] 1#1: start worker process 24
2023/10/05 22:34:07 [notice] 1#1: start worker process 25
2023/10/06 00:40:15 [notice] 1#1: using the "epoll" event method
2023/10/06 00:40:15 [notice] 1#1: nginx/1.25.2
2023/10/06 00:40:15 [notice] 1#1: built by gcc 12.2.1 20220924 (Alpine 12.2.1_git20220924-r10) 
2023/10/06 00:40:15 [notice] 1#1: OS: Linux 5.15.49-linuxkit-pr
2023/10/06 00:40:15 [notice] 1#1: getrlimit(RLIMIT_NOFILE): 1048576:1048576
2023/10/06 00:40:15 [notice] 1#1: start worker processes
2023/10/06 00:40:15 [notice] 1#1: start worker process 20
2023/10/06 00:40:15 [notice] 1#1: start worker process 21
2023/10/06 00:40:15 [notice] 1#1: start worker process 22
2023/10/06 00:40:15 [notice] 1#1: start worker process 23
2023/10/06 00:40:15 [notice] 1#1: start worker process 24
2023/10/06 00:40:15 [notice] 1#1: start worker process 25
2023/10/06 21:24:20 [notice] 1#1: using the "epoll" event method
2023/10/06 21:24:20 [notice] 1#1: nginx/1.25.2
2023/10/06 21:24:20 [notice] 1#1: built by gcc 12.2.1 20220924 (Alpine 12.2.1_git20220924-r10) 
2023/10/06 21:24:20 [notice] 1#1: OS: Linux 5.15.49-linuxkit-pr
2023/10/06 21:24:20 [notice] 1#1: getrlimit(RLIMIT_NOFILE): 1048576:1048576
2023/10/06 21:24:20 [notice] 1#1: start worker processes
2023/10/06 21:24:20 [notice] 1#1: start worker process 21
2023/10/06 21:24:20 [notice] 1#1: start worker process 22
2023/10/06 21:24:20 [notice] 1#1: start worker process 23
2023/10/06 21:24:20 [notice] 1#1: start worker process 24
2023/10/06 21:24:20 [notice] 1#1: start worker process 25
2023/10/06 21:24:20 [notice] 1#1: start worker process 26
2023/10/06 21:26:07 [notice] 1#1: using the "epoll" event method
2023/10/06 21:26:07 [notice] 1#1: nginx/1.25.2
2023/10/06 21:26:07 [notice] 1#1: built by gcc 12.2.1 20220924 (Alpine 12.2.1_git20220924-r10) 
2023/10/06 21:26:07 [notice] 1#1: OS: Linux 5.15.49-linuxkit-pr
2023/10/06 21:26:07 [notice] 1#1: getrlimit(RLIMIT_NOFILE): 1048576:1048576
2023/10/06 21:26:07 [notice] 1#1: start worker processes
2023/10/06 21:26:07 [notice] 1#1: start worker process 19
2023/10/06 21:26:07 [notice] 1#1: start worker process 20
2023/10/06 21:26:07 [notice] 1#1: start worker process 21
2023/10/06 21:26:07 [notice] 1#1: start worker process 22
2023/10/06 21:26:07 [notice] 1#1: start worker process 23
2023/10/06 21:26:07 [notice] 1#1: start worker process 24
2023/10/06 21:39:41 [notice] 1#1: using the "epoll" event method
2023/10/06 21:39:41 [notice] 1#1: nginx/1.25.2
2023/10/06 21:39:41 [notice] 1#1: built by gcc 12.2.1 20220924 (Alpine 12.2.1_git20220924-r10) 
2023/10/06 21:39:41 [notice] 1#1: OS: Linux 5.15.49-linuxkit-pr
2023/10/06 21:39:41 [notice] 1#1: getrlimit(RLIMIT_NOFILE): 1048576:1048576
2023/10/06 21:39:41 [notice] 1#1: start worker processes
2023/10/06 21:39:41 [notice] 1#1: start worker process 20
2023/10/06 21:39:41 [notice] 1#1: start worker process 21
2023/10/06 21:39:41 [notice] 1#1: start worker process 22
2023/10/06 21:39:41 [notice] 1#1: start worker process 23
2023/10/06 21:39:41 [notice] 1#1: start worker process 24
2023/10/06 21:39:41 [notice] 1#1: start worker process 25
2023/10/06 21:47:11 [notice] 1#1: using the "epoll" event method
2023/10/06 21:47:11 [notice] 1#1: nginx/1.25.2
2023/10/06 21:47:11 [notice] 1#1: built by gcc 12.2.1 20220924 (Alpine 12.2.1_git20220924-r10) 
2023/10/06 21:47:11 [notice] 1#1: OS: Linux 5.15.49-linuxkit-pr
2023/10/06 21:47:11 [notice] 1#1: getrlimit(RLIMIT_NOFILE): 1048576:1048576
2023/10/06 21:47:11 [notice] 1#1: start worker processes
2023/10/06 21:47:11 [notice] 1#1: start worker process 21
2023/10/06 21:47:11 [notice] 1#1: start worker process 22
2023/10/06 21:47:11 [notice] 1#1: start worker process 23
2023/10/06 21:47:11 [notice] 1#1: start worker process 24
2023/10/06 21:47:11 [notice] 1#1: start worker process 25
2023/10/06 21:47:11 [notice] 1#1: start worker process 26
2023/10/06 22:00:07 [notice] 1#1: using the "epoll" event method
2023/10/06 22:00:07 [notice] 1#1: nginx/1.25.2
2023/10/06 22:00:07 [notice] 1#1: built by gcc 12.2.1 20220924 (Alpine 12.2.1_git20220924-r10) 
2023/10/06 22:00:07 [notice] 1#1: OS: Linux 5.15.49-linuxkit-pr
2023/10/06 22:00:07 [notice] 1#1: getrlimit(RLIMIT_NOFILE): 1048576:1048576
2023/10/06 22:00:07 [notice] 1#1: start worker processes
2023/10/06 22:00:07 [notice] 1#1: start worker process 19
2023/10/06 22:00:07 [notice] 1#1: start worker process 20
2023/10/06 22:00:07 [notice] 1#1: start worker process 21
2023/10/06 22:00:07 [notice] 1#1: start worker process 22
2023/10/06 22:00:07 [notice] 1#1: start worker process 23
2023/10/06 22:00:07 [notice] 1#1: start worker process 24
2023/10/06 22:01:31 [notice] 1#1: using the "epoll" event method
2023/10/06 22:01:31 [notice] 1#1: nginx/1.25.2
2023/10/06 22:01:31 [notice] 1#1: built by gcc 12.2.1 20220924 (Alpine 12.2.1_git20220924-r10) 
2023/10/06 22:01:31 [notice] 1#1: OS: Linux 5.15.49-linuxkit-pr
2023/10/06 22:01:31 [notice] 1#1: getrlimit(RLIMIT_NOFILE): 1048576:1048576
2023/10/06 22:01:31 [notice] 1#1: start worker processes
2023/10/06 22:01:31 [notice] 1#1: start worker process 19
2023/10/06 22:01:31 [notice] 1#1: start worker process 20
2023/10/06 22:01:31 [notice] 1#1: start worker process 21
2023/10/06 22:01:31 [notice] 1#1: start worker process 22
2023/10/06 22:01:31 [notice] 1#1: start worker process 23
2023/10/06 22:01:31 [notice] 1#1: start worker process 24
2023/10/06 22:09:44 [notice] 1#1: using the "epoll" event method
2023/10/06 22:09:44 [notice] 1#1: nginx/1.25.2
2023/10/06 22:09:44 [notice] 1#1: built by gcc 12.2.1 20220924 (Alpine 12.2.1_git20220924-r10) 
2023/10/06 22:09:44 [notice] 1#1: OS: Linux 5.15.49-linuxkit-pr
2023/10/06 22:09:44 [notice] 1#1: getrlimit(RLIMIT_NOFILE): 1048576:1048576
2023/10/06 22:09:44 [notice] 1#1: start worker processes
2023/10/06 22:09:44 [notice] 1#1: start worker process 20
2023/10/06 22:09:44 [notice] 1#1: start worker process 21
2023/10/06 22:09:44 [notice] 1#1: start worker process 22
2023/10/06 22:09:44 [notice] 1#1: start worker process 23
2023/10/06 22:09:44 [notice] 1#1: start worker process 24
2023/10/06 22:09:44 [notice] 1#1: start worker process 25
2023/10/06 22:16:24 [notice] 1#1: using the "epoll" event method
2023/10/06 22:16:24 [notice] 1#1: nginx/1.25.2
2023/10/06 22:16:24 [notice] 1#1: built by gcc 12.2.1 20220924 (Alpine 12.2.1_git20220924-r10) 
2023/10/06 22:16:24 [notice] 1#1: OS: Linux 5.15.49-linuxkit-pr
2023/10/06 22:16:24 [notice] 1#1: getrlimit(RLIMIT_NOFILE): 1048576:1048576
2023/10/06 22:16:24 [notice] 1#1: start worker processes
2023/10/06 22:16:24 [notice] 1#1: start worker process 20
2023/10/06 22:16:24 [notice] 1#1: start worker process 21
2023/10/06 22:16:24 [notice] 1#1: start worker process 22
2023/10/06 22:16:24 [notice] 1#1: start worker process 23
2023/10/06 22:16:24 [notice] 1#1: start worker process 24
2023/10/06 22:16:24 [notice] 1#1: start worker process 25
2023/10/06 22:20:31 [notice] 1#1: using the "epoll" event method
2023/10/06 22:20:31 [notice] 1#1: nginx/1.25.2
2023/10/06 22:20:31 [notice] 1#1: built by gcc 12.2.1 20220924 (Alpine 12.2.1_git20220924-r10) 
2023/10/06 22:20:31 [notice] 1#1: OS: Linux 5.15.49-linuxkit-pr
2023/10/06 22:20:31 [notice] 1#1: getrlimit(RLIMIT_NOFILE): 1048576:1048576
2023/10/06 22:20:31 [notice] 1#1: start worker processes
2023/10/06 22:20:31 [notice] 1#1: start worker process 19
2023/10/06 22:20:31 [notice] 1#1: start worker process 20
2023/10/06 22:20:31 [notice] 1#1: start worker process 21
2023/10/06 22:20:31 [notice] 1#1: start worker process 22
2023/10/06 22:20:31 [notice] 1#1: start worker process 23
2023/10/06 22:20:31 [notice] 1#1: start worker process 24
2023/10/07 03:51:42 [notice] 1#1: using the "epoll" event method
2023/10/07 03:51:42 [notice] 1#1: nginx/1.25.2
2023/10/07 03:51:42 [notice] 1#1: built by gcc 12.2.1 20220924 (Alpine 12.2.1_git20220924-r10) 
2023/10/07 03:51:42 [notice] 1#1: OS: Linux 5.15.49-linuxkit-pr
2023/10/07 03:51:42 [notice] 1#1: getrlimit(RLIMIT_NOFILE): 1048576:1048576
2023/10/07 03:51:42 [notice] 1#1: start worker processes
2023/10/07 03:51:42 [notice] 1#1: start worker process 20
2023/10/07 03:51:42 [notice] 1#1: start worker process 21
2023/10/07 03:51:42 [notice] 1#1: start worker process 22
2023/10/07 03:51:42 [notice] 1#1: start worker process 23
2023/10/07 03:51:42 [notice] 1#1: start worker process 24
2023/10/07 03:51:42 [notice] 1#1: start worker process 25
2023/10/07 04:16:09 [notice] 1#1: using the "epoll" event method
2023/10/07 04:16:09 [notice] 1#1: nginx/1.25.2
2023/10/07 04:16:09 [notice] 1#1: built by gcc 12.2.1 20220924 (Alpine 12.2.1_git20220924-r10) 
2023/10/07 04:16:09 [notice] 1#1: OS: Linux 5.15.49-linuxkit-pr
2023/10/07 04:16:09 [notice] 1#1: getrlimit(RLIMIT_NOFILE): 1048576:1048576
2023/10/07 04:16:09 [notice] 1#1: start worker processes
2023/10/07 04:16:09 [notice] 1#1: start worker process 20
2023/10/07 04:16:09 [notice] 1#1: start worker process 21
2023/10/07 04:16:09 [notice] 1#1: start worker process 22
2023/10/07 04:16:09 [notice] 1#1: start worker process 23
2023/10/07 04:16:09 [notice] 1#1: start worker process 24
2023/10/07 04:16:09 [notice] 1#1: start worker process 25
2023/10/07 05:00:30 [emerg] 1#1: host not found in upstream "api:8080" in /etc/nginx/conf.d/api.nginx.conf:3
2023/10/07 05:02:03 [emerg] 1#1: host not found in upstream "api:8080" in /etc/nginx/conf.d/api.nginx.conf:3
2023/10/07 05:02:59 [emerg] 1#1: host not found in upstream "api:8080" in /etc/nginx/conf.d/api.nginx.conf:3
2023/10/07 05:05:27 [emerg] 1#1: host not found in upstream "api:8080" in /etc/nginx/conf.d/api.nginx.conf:3
2023/10/07 19:08:51 [emerg] 1#1: host not found in upstream "app:5173" in /etc/nginx/conf.d/nginx.conf:3
2023/10/07 19:11:34 [emerg] 1#1: host not found in upstream "app:5173" in /etc/nginx/conf.d/nginx.conf:3
2023/10/07 19:12:36 [emerg] 1#1: host not found in upstream "app" in /etc/nginx/conf.d/nginx.conf:3
2023/10/07 19:21:02 [notice] 1#1: using the "epoll" event method
2023/10/07 19:21:02 [notice] 1#1: nginx/1.25.2
2023/10/07 19:21:02 [notice] 1#1: built by gcc 12.2.1 20220924 (Alpine 12.2.1_git20220924-r10) 
2023/10/07 19:21:02 [notice] 1#1: OS: Linux 5.15.49-linuxkit-pr
2023/10/07 19:21:02 [notice] 1#1: getrlimit(RLIMIT_NOFILE): 1048576:1048576
2023/10/07 19:21:02 [notice] 1#1: start worker processes
2023/10/07 19:21:02 [notice] 1#1: start worker process 21
2023/10/07 19:21:02 [notice] 1#1: start worker process 22
2023/10/07 19:21:02 [notice] 1#1: start worker process 23
2023/10/07 19:21:02 [notice] 1#1: start worker process 24
2023/10/07 19:21:02 [notice] 1#1: start worker process 25
2023/10/07 19:21:02 [notice] 1#1: start worker process 26
2023/10/07 19:21:19 [notice] 1#1: signal 3 (SIGQUIT) received, shutting down
2023/10/07 19:21:19 [notice] 21#21: gracefully shutting down
2023/10/07 19:21:19 [notice] 21#21: exiting
2023/10/07 19:21:19 [notice] 26#26: gracefully shutting down
2023/10/07 19:21:19 [notice] 23#23: gracefully shutting down
2023/10/07 19:21:19 [notice] 22#22: gracefully shutting down
2023/10/07 19:21:19 [notice] 25#25: gracefully shutting down
2023/10/07 19:21:19 [notice] 25#25: exiting
2023/10/07 19:21:19 [notice] 24#24: gracefully shutting down
2023/10/07 19:21:19 [notice] 21#21: exit
2023/10/07 19:21:19 [notice] 26#26: exiting
2023/10/07 19:21:19 [notice] 23#23: exiting
2023/10/07 19:21:19 [notice] 22#22: exiting
2023/10/07 19:21:19 [notice] 25#25: exit
2023/10/07 19:21:19 [notice] 24#24: exiting
2023/10/07 19:21:19 [notice] 26#26: exit
2023/10/07 19:21:19 [notice] 23#23: exit
2023/10/07 19:21:19 [notice] 22#22: exit
2023/10/07 19:21:19 [notice] 24#24: exit
2023/10/07 19:21:19 [notice] 1#1: signal 17 (SIGCHLD) received from 22
2023/10/07 19:21:19 [notice] 1#1: worker process 22 exited with code 0
2023/10/07 19:21:19 [notice] 1#1: worker process 21 exited with code 0
2023/10/07 19:21:19 [notice] 1#1: signal 29 (SIGIO) received
2023/10/07 19:21:19 [notice] 1#1: signal 17 (SIGCHLD) received from 21
2023/10/07 19:21:19 [notice] 1#1: signal 17 (SIGCHLD) received from 23
2023/10/07 19:21:19 [notice] 1#1: worker process 23 exited with code 0
2023/10/07 19:21:19 [notice] 1#1: worker process 25 exited with code 0
2023/10/07 19:21:19 [notice] 1#1: worker process 26 exited with code 0
2023/10/07 19:21:19 [notice] 1#1: signal 29 (SIGIO) received
2023/10/07 19:21:19 [notice] 1#1: signal 17 (SIGCHLD) received from 26
2023/10/07 19:21:19 [notice] 1#1: signal 17 (SIGCHLD) received from 24
2023/10/07 19:21:19 [notice] 1#1: worker process 24 exited with code 0
2023/10/07 19:21:19 [notice] 1#1: exit
2023/10/07 19:38:55 [notice] 1#1: using the "epoll" event method
2023/10/07 19:38:55 [notice] 1#1: nginx/1.25.2
2023/10/07 19:38:55 [notice] 1#1: built by gcc 12.2.1 20220924 (Alpine 12.2.1_git20220924-r10) 
2023/10/07 19:38:55 [notice] 1#1: OS: Linux 5.15.49-linuxkit-pr
2023/10/07 19:38:55 [notice] 1#1: getrlimit(RLIMIT_NOFILE): 1048576:1048576
2023/10/07 19:38:55 [notice] 1#1: start worker processes
2023/10/07 19:38:55 [notice] 1#1: start worker process 20
2023/10/07 19:38:55 [notice] 1#1: start worker process 21
2023/10/07 19:38:55 [notice] 1#1: start worker process 22
2023/10/07 19:38:55 [notice] 1#1: start worker process 23
2023/10/07 19:38:55 [notice] 1#1: start worker process 24
2023/10/07 19:38:55 [notice] 1#1: start worker process 25
2023/10/07 19:41:19 [notice] 1#1: signal 3 (SIGQUIT) received, shutting down
2023/10/07 19:41:19 [notice] 20#20: gracefully shutting down
2023/10/07 19:41:19 [notice] 21#21: gracefully shutting down
2023/10/07 19:41:19 [notice] 21#21: exiting
2023/10/07 19:41:19 [notice] 22#22: gracefully shutting down
2023/10/07 19:41:19 [notice] 24#24: gracefully shutting down
2023/10/07 19:41:19 [notice] 23#23: gracefully shutting down
2023/10/07 19:41:19 [notice] 25#25: gracefully shutting down
2023/10/07 19:41:19 [notice] 20#20: exiting
2023/10/07 19:41:19 [notice] 22#22: exiting
2023/10/07 19:41:19 [notice] 24#24: exiting
2023/10/07 19:41:19 [notice] 21#21: exit
2023/10/07 19:41:19 [notice] 23#23: exiting
2023/10/07 19:41:19 [notice] 20#20: exit
2023/10/07 19:41:19 [notice] 25#25: exiting
2023/10/07 19:41:19 [notice] 25#25: exit
2023/10/07 19:41:19 [notice] 22#22: exit
2023/10/07 19:41:19 [notice] 24#24: exit
2023/10/07 19:41:19 [notice] 23#23: exit
2023/10/07 19:41:19 [notice] 1#1: signal 17 (SIGCHLD) received from 22
2023/10/07 19:41:19 [notice] 1#1: worker process 22 exited with code 0
2023/10/07 19:41:19 [notice] 1#1: signal 29 (SIGIO) received
2023/10/07 19:41:19 [notice] 1#1: signal 17 (SIGCHLD) received from 21
2023/10/07 19:41:19 [notice] 1#1: worker process 20 exited with code 0
2023/10/07 19:41:19 [notice] 1#1: worker process 21 exited with code 0
2023/10/07 19:41:19 [notice] 1#1: worker process 25 exited with code 0
2023/10/07 19:41:19 [notice] 1#1: signal 29 (SIGIO) received
2023/10/07 19:41:19 [notice] 1#1: signal 17 (SIGCHLD) received from 25
2023/10/07 19:41:19 [notice] 1#1: worker process 23 exited with code 0
2023/10/07 19:41:19 [notice] 1#1: worker process 24 exited with code 0
2023/10/07 19:41:19 [notice] 1#1: exit
2023/10/07 19:41:49 [notice] 1#1: using the "epoll" event method
2023/10/07 19:41:49 [notice] 1#1: nginx/1.25.2
2023/10/07 19:41:49 [notice] 1#1: built by gcc 12.2.1 20220924 (Alpine 12.2.1_git20220924-r10) 
2023/10/07 19:41:49 [notice] 1#1: OS: Linux 5.15.49-linuxkit-pr
2023/10/07 19:41:49 [notice] 1#1: getrlimit(RLIMIT_NOFILE): 1048576:1048576
2023/10/07 19:41:49 [notice] 1#1: start worker processes
2023/10/07 19:41:49 [notice] 1#1: start worker process 19
2023/10/07 19:41:49 [notice] 1#1: start worker process 20
2023/10/07 19:41:49 [notice] 1#1: start worker process 21
2023/10/07 19:41:49 [notice] 1#1: start worker process 22
2023/10/07 19:41:49 [notice] 1#1: start worker process 23
2023/10/07 19:41:49 [notice] 1#1: start worker process 24
2023/10/07 20:36:30 [notice] 1#1: signal 3 (SIGQUIT) received, shutting down
2023/10/07 20:36:30 [notice] 19#19: gracefully shutting down
2023/10/07 20:36:30 [notice] 22#22: gracefully shutting down
2023/10/07 20:36:30 [notice] 20#20: gracefully shutting down
2023/10/07 20:36:30 [notice] 21#21: gracefully shutting down
2023/10/07 20:36:30 [notice] 23#23: gracefully shutting down
2023/10/07 20:36:30 [notice] 19#19: exiting
2023/10/07 20:36:30 [notice] 24#24: gracefully shutting down
2023/10/07 20:36:30 [notice] 22#22: exiting
2023/10/07 20:36:30 [notice] 20#20: exiting
2023/10/07 20:36:30 [notice] 21#21: exiting
2023/10/07 20:36:30 [notice] 23#23: exiting
2023/10/07 20:36:30 [notice] 24#24: exiting
2023/10/07 20:36:30 [notice] 22#22: exit
2023/10/07 20:36:30 [notice] 19#19: exit
2023/10/07 20:36:30 [notice] 20#20: exit
2023/10/07 20:36:30 [notice] 21#21: exit
2023/10/07 20:36:30 [notice] 23#23: exit
2023/10/07 20:36:30 [notice] 24#24: exit
2023/10/07 20:36:30 [notice] 1#1: signal 17 (SIGCHLD) received from 21
2023/10/07 20:36:30 [notice] 1#1: worker process 21 exited with code 0
2023/10/07 20:36:30 [notice] 1#1: worker process 22 exited with code 0
2023/10/07 20:36:30 [notice] 1#1: worker process 19 exited with code 0
2023/10/07 20:36:30 [notice] 1#1: worker process 20 exited with code 0
2023/10/07 20:36:30 [notice] 1#1: worker process 23 exited with code 0
2023/10/07 20:36:30 [notice] 1#1: worker process 24 exited with code 0
2023/10/07 20:36:30 [notice] 1#1: exit
2023/10/07 20:37:11 [notice] 1#1: using the "epoll" event method
2023/10/07 20:37:11 [notice] 1#1: nginx/1.25.2
2023/10/07 20:37:11 [notice] 1#1: built by gcc 12.2.1 20220924 (Alpine 12.2.1_git20220924-r10) 
2023/10/07 20:37:11 [notice] 1#1: OS: Linux 5.15.49-linuxkit-pr
2023/10/07 20:37:11 [notice] 1#1: getrlimit(RLIMIT_NOFILE): 1048576:1048576
2023/10/07 20:37:11 [notice] 1#1: start worker processes
2023/10/07 20:37:11 [notice] 1#1: start worker process 19
2023/10/07 20:37:11 [notice] 1#1: start worker process 20
2023/10/07 20:37:11 [notice] 1#1: start worker process 21
2023/10/07 20:37:11 [notice] 1#1: start worker process 22
2023/10/07 20:37:11 [notice] 1#1: start worker process 23
2023/10/07 20:37:11 [notice] 1#1: start worker process 24
2023/10/07 21:46:59 [notice] 1#1: signal 3 (SIGQUIT) received, shutting down
2023/10/07 21:46:59 [notice] 19#19: gracefully shutting down
2023/10/07 21:46:59 [notice] 20#20: gracefully shutting down
2023/10/07 21:46:59 [notice] 21#21: gracefully shutting down
2023/10/07 21:46:59 [notice] 22#22: gracefully shutting down
2023/10/07 21:46:59 [notice] 19#19: exiting
2023/10/07 21:46:59 [notice] 23#23: gracefully shutting down
2023/10/07 21:46:59 [notice] 24#24: gracefully shutting down
2023/10/07 21:46:59 [notice] 23#23: exiting
2023/10/07 21:46:59 [notice] 20#20: exiting
2023/10/07 21:46:59 [notice] 21#21: exiting
2023/10/07 21:46:59 [notice] 22#22: exiting
2023/10/07 21:46:59 [notice] 24#24: exiting
2023/10/07 21:46:59 [notice] 19#19: exit
2023/10/07 21:46:59 [notice] 23#23: exit
2023/10/07 21:46:59 [notice] 20#20: exit
2023/10/07 21:46:59 [notice] 21#21: exit
2023/10/07 21:46:59 [notice] 22#22: exit
2023/10/07 21:46:59 [notice] 24#24: exit
2023/10/07 21:46:59 [notice] 1#1: signal 17 (SIGCHLD) received from 24
2023/10/07 21:46:59 [notice] 1#1: worker process 24 exited with code 0
2023/10/07 21:46:59 [notice] 1#1: signal 29 (SIGIO) received
2023/10/07 21:46:59 [notice] 1#1: signal 17 (SIGCHLD) received from 19
2023/10/07 21:46:59 [notice] 1#1: worker process 19 exited with code 0
2023/10/07 21:46:59 [notice] 1#1: worker process 20 exited with code 0
2023/10/07 21:46:59 [notice] 1#1: worker process 21 exited with code 0
2023/10/07 21:46:59 [notice] 1#1: worker process 22 exited with code 0
2023/10/07 21:46:59 [notice] 1#1: worker process 23 exited with code 0
2023/10/07 21:46:59 [notice] 1#1: exit
2023/10/08 11:19:02 [notice] 1#1: using the "epoll" event method
2023/10/08 11:19:02 [notice] 1#1: nginx/1.25.2
2023/10/08 11:19:02 [notice] 1#1: built by gcc 12.2.1 20220924 (Alpine 12.2.1_git20220924-r10) 
2023/10/08 11:19:02 [notice] 1#1: OS: Linux 5.15.49-linuxkit-pr
2023/10/08 11:19:02 [notice] 1#1: getrlimit(RLIMIT_NOFILE): 1048576:1048576
2023/10/08 11:19:02 [notice] 1#1: start worker processes
2023/10/08 11:19:02 [notice] 1#1: start worker process 20
2023/10/08 11:19:02 [notice] 1#1: start worker process 21
2023/10/08 11:19:02 [notice] 1#1: start worker process 22
2023/10/08 11:19:02 [notice] 1#1: start worker process 23
2023/10/08 11:19:02 [notice] 1#1: start worker process 24
2023/10/08 11:19:02 [notice] 1#1: start worker process 25
2023/10/08 11:20:12 [notice] 1#1: signal 3 (SIGQUIT) received, shutting down
2023/10/08 11:20:12 [notice] 20#20: gracefully shutting down
2023/10/08 11:20:12 [notice] 21#21: gracefully shutting down
2023/10/08 11:20:12 [notice] 22#22: gracefully shutting down
2023/10/08 11:20:12 [notice] 23#23: gracefully shutting down
2023/10/08 11:20:12 [notice] 23#23: exiting
2023/10/08 11:20:12 [notice] 24#24: gracefully shutting down
2023/10/08 11:20:12 [notice] 20#20: exiting
2023/10/08 11:20:12 [notice] 25#25: gracefully shutting down
2023/10/08 11:20:12 [notice] 25#25: exiting
2023/10/08 11:20:12 [notice] 21#21: exiting
2023/10/08 11:20:12 [notice] 21#21: exit
2023/10/08 11:20:12 [notice] 22#22: exiting
2023/10/08 11:20:12 [notice] 23#23: exit
2023/10/08 11:20:12 [notice] 24#24: exiting
2023/10/08 11:20:12 [notice] 20#20: exit
2023/10/08 11:20:12 [notice] 25#25: exit
2023/10/08 11:20:12 [notice] 22#22: exit
2023/10/08 11:20:12 [notice] 24#24: exit
2023/10/08 11:20:12 [notice] 1#1: signal 17 (SIGCHLD) received from 25
2023/10/08 11:20:12 [notice] 1#1: worker process 25 exited with code 0
2023/10/08 11:20:12 [notice] 1#1: worker process 22 exited with code 0
2023/10/08 11:20:12 [notice] 1#1: signal 29 (SIGIO) received
2023/10/08 11:20:12 [notice] 1#1: signal 17 (SIGCHLD) received from 22
2023/10/08 11:20:12 [notice] 1#1: signal 17 (SIGCHLD) received from 24
2023/10/08 11:20:12 [notice] 1#1: worker process 24 exited with code 0
2023/10/08 11:20:12 [notice] 1#1: worker process 20 exited with code 0
2023/10/08 11:20:12 [notice] 1#1: worker process 21 exited with code 0
2023/10/08 11:20:12 [notice] 1#1: worker process 23 exited with code 0
2023/10/08 11:20:12 [notice] 1#1: exit
2023/10/08 20:24:33 [notice] 1#1: using the "epoll" event method
2023/10/08 20:24:33 [notice] 1#1: nginx/1.25.2
2023/10/08 20:24:33 [notice] 1#1: built by gcc 12.2.1 20220924 (Alpine 12.2.1_git20220924-r10) 
2023/10/08 20:24:33 [notice] 1#1: OS: Linux 5.15.49-linuxkit-pr
2023/10/08 20:24:33 [notice] 1#1: getrlimit(RLIMIT_NOFILE): 1048576:1048576
2023/10/08 20:24:33 [notice] 1#1: start worker processes
2023/10/08 20:24:33 [notice] 1#1: start worker process 20
2023/10/08 20:24:33 [notice] 1#1: start worker process 21
2023/10/08 20:24:33 [notice] 1#1: start worker process 22
2023/10/08 20:24:33 [notice] 1#1: start worker process 23
2023/10/08 20:24:33 [notice] 1#1: start worker process 24
2023/10/08 20:24:33 [notice] 1#1: start worker process 25
2023/10/08 21:45:13 [notice] 1#1: signal 3 (SIGQUIT) received, shutting down
2023/10/08 21:45:13 [notice] 20#20: gracefully shutting down
2023/10/08 21:45:13 [notice] 21#21: gracefully shutting down
2023/10/08 21:45:13 [notice] 20#20: exiting
2023/10/08 21:45:13 [notice] 23#23: gracefully shutting down
2023/10/08 21:45:13 [notice] 22#22: gracefully shutting down
2023/10/08 21:45:13 [notice] 25#25: gracefully shutting down
2023/10/08 21:45:13 [notice] 24#24: gracefully shutting down
2023/10/08 21:45:13 [notice] 21#21: exiting
2023/10/08 21:45:13 [notice] 20#20: exit
2023/10/08 21:45:13 [notice] 23#23: exiting
2023/10/08 21:45:13 [notice] 22#22: exiting
2023/10/08 21:45:13 [notice] 21#21: exit
2023/10/08 21:45:13 [notice] 25#25: exiting
2023/10/08 21:45:13 [notice] 25#25: exit
2023/10/08 21:45:13 [notice] 24#24: exiting
2023/10/08 21:45:13 [notice] 23#23: exit
2023/10/08 21:45:13 [notice] 22#22: exit
2023/10/08 21:45:13 [notice] 24#24: exit
2023/10/08 21:45:14 [notice] 1#1: signal 17 (SIGCHLD) received from 25
2023/10/08 21:45:14 [notice] 1#1: worker process 20 exited with code 0
2023/10/08 21:45:14 [notice] 1#1: worker process 21 exited with code 0
2023/10/08 21:45:14 [notice] 1#1: worker process 22 exited with code 0
2023/10/08 21:45:14 [notice] 1#1: worker process 24 exited with code 0
2023/10/08 21:45:14 [notice] 1#1: worker process 25 exited with code 0
2023/10/08 21:45:14 [notice] 1#1: signal 29 (SIGIO) received
2023/10/08 21:45:14 [notice] 1#1: signal 17 (SIGCHLD) received from 22
2023/10/08 21:45:14 [notice] 1#1: signal 17 (SIGCHLD) received from 23
2023/10/08 21:45:14 [notice] 1#1: worker process 23 exited with code 0
2023/10/08 21:45:14 [notice] 1#1: exit
2023/10/08 21:47:28 [notice] 1#1: using the "epoll" event method
2023/10/08 21:47:28 [notice] 1#1: nginx/1.25.2
2023/10/08 21:47:28 [notice] 1#1: built by gcc 12.2.1 20220924 (Alpine 12.2.1_git20220924-r10) 
2023/10/08 21:47:28 [notice] 1#1: OS: Linux 5.15.49-linuxkit-pr
2023/10/08 21:47:28 [notice] 1#1: getrlimit(RLIMIT_NOFILE): 1048576:1048576
2023/10/08 21:47:28 [notice] 1#1: start worker processes
2023/10/08 21:47:28 [notice] 1#1: start worker process 20
2023/10/08 21:47:28 [notice] 1#1: start worker process 21
2023/10/08 21:47:28 [notice] 1#1: start worker process 22
2023/10/08 21:47:28 [notice] 1#1: start worker process 23
2023/10/08 21:47:28 [notice] 1#1: start worker process 24
2023/10/08 21:47:28 [notice] 1#1: start worker process 25
2023/10/08 21:47:57 [notice] 1#1: signal 3 (SIGQUIT) received, shutting down
2023/10/08 21:47:57 [notice] 20#20: gracefully shutting down
2023/10/08 21:47:57 [notice] 22#22: gracefully shutting down
2023/10/08 21:47:57 [notice] 23#23: gracefully shutting down
2023/10/08 21:47:57 [notice] 21#21: gracefully shutting down
2023/10/08 21:47:57 [notice] 24#24: gracefully shutting down
2023/10/08 21:47:57 [notice] 24#24: exiting
2023/10/08 21:47:57 [notice] 25#25: gracefully shutting down
2023/10/08 21:47:57 [notice] 20#20: exiting
2023/10/08 21:47:57 [notice] 20#20: exit
2023/10/08 21:47:57 [notice] 22#22: exiting
2023/10/08 21:47:57 [notice] 22#22: exit
2023/10/08 21:47:57 [notice] 23#23: exiting
2023/10/08 21:47:57 [notice] 21#21: exiting
2023/10/08 21:47:57 [notice] 21#21: exit
2023/10/08 21:47:57 [notice] 25#25: exiting
2023/10/08 21:47:57 [notice] 24#24: exit
2023/10/08 21:47:57 [notice] 23#23: exit
2023/10/08 21:47:57 [notice] 25#25: exit
2023/10/08 21:47:57 [notice] 1#1: signal 17 (SIGCHLD) received from 22
2023/10/08 21:47:57 [notice] 1#1: worker process 20 exited with code 0
2023/10/08 21:47:57 [notice] 1#1: worker process 22 exited with code 0
2023/10/08 21:47:57 [notice] 1#1: signal 29 (SIGIO) received
2023/10/08 21:47:57 [notice] 1#1: signal 17 (SIGCHLD) received from 21
2023/10/08 21:47:57 [notice] 1#1: worker process 21 exited with code 0
2023/10/08 21:47:57 [notice] 1#1: signal 29 (SIGIO) received
2023/10/08 21:47:57 [notice] 1#1: signal 17 (SIGCHLD) received from 24
2023/10/08 21:47:57 [notice] 1#1: worker process 24 exited with code 0
2023/10/08 21:47:57 [notice] 1#1: signal 29 (SIGIO) received
2023/10/08 21:47:57 [notice] 1#1: signal 17 (SIGCHLD) received from 23
2023/10/08 21:47:57 [notice] 1#1: worker process 23 exited with code 0
2023/10/08 21:47:57 [notice] 1#1: worker process 25 exited with code 0
2023/10/08 21:47:57 [notice] 1#1: exit
2023/10/08 21:48:50 [notice] 1#1: using the "epoll" event method
2023/10/08 21:48:50 [notice] 1#1: nginx/1.25.2
2023/10/08 21:48:50 [notice] 1#1: built by gcc 12.2.1 20220924 (Alpine 12.2.1_git20220924-r10) 
2023/10/08 21:48:50 [notice] 1#1: OS: Linux 5.15.49-linuxkit-pr
2023/10/08 21:48:50 [notice] 1#1: getrlimit(RLIMIT_NOFILE): 1048576:1048576
2023/10/08 21:48:50 [notice] 1#1: start worker processes
2023/10/08 21:48:50 [notice] 1#1: start worker process 20
2023/10/08 21:48:50 [notice] 1#1: start worker process 21
2023/10/08 21:48:50 [notice] 1#1: start worker process 22
2023/10/08 21:48:50 [notice] 1#1: start worker process 23
2023/10/08 21:48:50 [notice] 1#1: start worker process 24
2023/10/08 21:48:50 [notice] 1#1: start worker process 25
2023/10/08 21:51:49 [notice] 1#1: signal 3 (SIGQUIT) received, shutting down
2023/10/08 21:51:49 [notice] 20#20: gracefully shutting down
2023/10/08 21:51:49 [notice] 22#22: gracefully shutting down
2023/10/08 21:51:49 [notice] 24#24: gracefully shutting down
2023/10/08 21:51:49 [notice] 23#23: gracefully shutting down
2023/10/08 21:51:49 [notice] 25#25: gracefully shutting down
2023/10/08 21:51:49 [notice] 21#21: gracefully shutting down
2023/10/08 21:51:49 [notice] 20#20: exiting
2023/10/08 21:51:49 [notice] 22#22: exiting
2023/10/08 21:51:49 [notice] 24#24: exiting
2023/10/08 21:51:49 [notice] 23#23: exiting
2023/10/08 21:51:49 [notice] 25#25: exiting
2023/10/08 21:51:49 [notice] 21#21: exiting
2023/10/08 21:51:49 [notice] 20#20: exit
2023/10/08 21:51:49 [notice] 22#22: exit
2023/10/08 21:51:49 [notice] 24#24: exit
2023/10/08 21:51:49 [notice] 23#23: exit
2023/10/08 21:51:49 [notice] 25#25: exit
2023/10/08 21:51:49 [notice] 21#21: exit
2023/10/08 21:51:49 [notice] 1#1: signal 17 (SIGCHLD) received from 23
2023/10/08 21:51:49 [notice] 1#1: worker process 23 exited with code 0
2023/10/08 21:51:49 [notice] 1#1: signal 29 (SIGIO) received
2023/10/08 21:51:49 [notice] 1#1: signal 17 (SIGCHLD) received from 25
2023/10/08 21:51:49 [notice] 1#1: worker process 25 exited with code 0
2023/10/08 21:51:49 [notice] 1#1: worker process 20 exited with code 0
2023/10/08 21:51:49 [notice] 1#1: worker process 22 exited with code 0
2023/10/08 21:51:49 [notice] 1#1: worker process 24 exited with code 0
2023/10/08 21:51:49 [notice] 1#1: signal 29 (SIGIO) received
2023/10/08 21:51:49 [notice] 1#1: signal 17 (SIGCHLD) received from 24
2023/10/08 21:51:49 [notice] 1#1: signal 17 (SIGCHLD) received from 21
2023/10/08 21:51:49 [notice] 1#1: worker process 21 exited with code 0
2023/10/08 21:51:49 [notice] 1#1: exit
2023/10/08 21:52:04 [notice] 1#1: using the "epoll" event method
2023/10/08 21:52:04 [notice] 1#1: nginx/1.25.2
2023/10/08 21:52:04 [notice] 1#1: built by gcc 12.2.1 20220924 (Alpine 12.2.1_git20220924-r10) 
2023/10/08 21:52:04 [notice] 1#1: OS: Linux 5.15.49-linuxkit-pr
2023/10/08 21:52:04 [notice] 1#1: getrlimit(RLIMIT_NOFILE): 1048576:1048576
2023/10/08 21:52:04 [notice] 1#1: start worker processes
2023/10/08 21:52:04 [notice] 1#1: start worker process 20
2023/10/08 21:52:04 [notice] 1#1: start worker process 21
2023/10/08 21:52:04 [notice] 1#1: start worker process 22
2023/10/08 21:52:04 [notice] 1#1: start worker process 23
2023/10/08 21:52:04 [notice] 1#1: start worker process 24
2023/10/08 21:52:04 [notice] 1#1: start worker process 25
2023/10/08 21:53:47 [notice] 1#1: signal 3 (SIGQUIT) received, shutting down
2023/10/08 21:53:47 [notice] 21#21: gracefully shutting down
2023/10/08 21:53:47 [notice] 21#21: exiting
2023/10/08 21:53:47 [notice] 22#22: gracefully shutting down
2023/10/08 21:53:47 [notice] 24#24: gracefully shutting down
2023/10/08 21:53:47 [notice] 23#23: gracefully shutting down
2023/10/08 21:53:47 [notice] 20#20: gracefully shutting down
2023/10/08 21:53:47 [notice] 25#25: gracefully shutting down
2023/10/08 21:53:47 [notice] 21#21: exit
2023/10/08 21:53:47 [notice] 22#22: exiting
2023/10/08 21:53:47 [notice] 24#24: exiting
2023/10/08 21:53:47 [notice] 23#23: exiting
2023/10/08 21:53:47 [notice] 20#20: exiting
2023/10/08 21:53:47 [notice] 20#20: exit
2023/10/08 21:53:47 [notice] 25#25: exiting
2023/10/08 21:53:47 [notice] 22#22: exit
2023/10/08 21:53:47 [notice] 24#24: exit
2023/10/08 21:53:47 [notice] 23#23: exit
2023/10/08 21:53:47 [notice] 25#25: exit
2023/10/08 21:53:47 [notice] 1#1: signal 17 (SIGCHLD) received from 24
2023/10/08 21:53:47 [notice] 1#1: worker process 21 exited with code 0
2023/10/08 21:53:47 [notice] 1#1: worker process 24 exited with code 0
2023/10/08 21:53:47 [notice] 1#1: signal 29 (SIGIO) received
2023/10/08 21:53:47 [notice] 1#1: signal 17 (SIGCHLD) received from 21
2023/10/08 21:53:47 [notice] 1#1: signal 17 (SIGCHLD) received from 22
2023/10/08 21:53:47 [notice] 1#1: worker process 20 exited with code 0
2023/10/08 21:53:47 [notice] 1#1: worker process 22 exited with code 0
2023/10/08 21:53:47 [notice] 1#1: signal 29 (SIGIO) received
2023/10/08 21:53:47 [notice] 1#1: signal 17 (SIGCHLD) received from 20
2023/10/08 21:53:47 [notice] 1#1: signal 17 (SIGCHLD) received from 25
2023/10/08 21:53:47 [notice] 1#1: worker process 25 exited with code 0
2023/10/08 21:53:47 [notice] 1#1: signal 29 (SIGIO) received
2023/10/08 21:53:47 [notice] 1#1: signal 17 (SIGCHLD) received from 23
2023/10/08 21:53:47 [notice] 1#1: worker process 23 exited with code 0
2023/10/08 21:53:47 [notice] 1#1: exit
2023/10/08 21:54:01 [notice] 1#1: using the "epoll" event method
2023/10/08 21:54:01 [notice] 1#1: nginx/1.25.2
2023/10/08 21:54:01 [notice] 1#1: built by gcc 12.2.1 20220924 (Alpine 12.2.1_git20220924-r10) 
2023/10/08 21:54:01 [notice] 1#1: OS: Linux 5.15.49-linuxkit-pr
2023/10/08 21:54:01 [notice] 1#1: getrlimit(RLIMIT_NOFILE): 1048576:1048576
2023/10/08 21:54:01 [notice] 1#1: start worker processes
2023/10/08 21:54:01 [notice] 1#1: start worker process 20
2023/10/08 21:54:01 [notice] 1#1: start worker process 21
2023/10/08 21:54:01 [notice] 1#1: start worker process 22
2023/10/08 21:54:01 [notice] 1#1: start worker process 23
2023/10/08 21:54:01 [notice] 1#1: start worker process 24
2023/10/08 21:54:01 [notice] 1#1: start worker process 25
2023/10/08 21:58:04 [notice] 1#1: signal 3 (SIGQUIT) received, shutting down
2023/10/08 21:58:04 [notice] 23#23: gracefully shutting down
2023/10/08 21:58:04 [notice] 24#24: gracefully shutting down
2023/10/08 21:58:04 [notice] 20#20: gracefully shutting down
2023/10/08 21:58:04 [notice] 21#21: gracefully shutting down
2023/10/08 21:58:04 [notice] 22#22: gracefully shutting down
2023/10/08 21:58:04 [notice] 25#25: gracefully shutting down
2023/10/08 21:58:04 [notice] 23#23: exiting
2023/10/08 21:58:04 [notice] 24#24: exiting
2023/10/08 21:58:04 [notice] 20#20: exiting
2023/10/08 21:58:04 [notice] 21#21: exiting
2023/10/08 21:58:04 [notice] 22#22: exiting
2023/10/08 21:58:04 [notice] 25#25: exiting
2023/10/08 21:58:04 [notice] 24#24: exit
2023/10/08 21:58:04 [notice] 23#23: exit
2023/10/08 21:58:04 [notice] 20#20: exit
2023/10/08 21:58:04 [notice] 21#21: exit
2023/10/08 21:58:04 [notice] 22#22: exit
2023/10/08 21:58:04 [notice] 25#25: exit
2023/10/08 21:58:04 [notice] 1#1: signal 17 (SIGCHLD) received from 20
2023/10/08 21:58:04 [notice] 1#1: worker process 20 exited with code 0
2023/10/08 21:58:04 [notice] 1#1: signal 29 (SIGIO) received
2023/10/08 21:58:04 [notice] 1#1: signal 17 (SIGCHLD) received from 21
2023/10/08 21:58:04 [notice] 1#1: worker process 21 exited with code 0
2023/10/08 21:58:04 [notice] 1#1: signal 29 (SIGIO) received
2023/10/08 21:58:04 [notice] 1#1: signal 17 (SIGCHLD) received from 24
2023/10/08 21:58:04 [notice] 1#1: worker process 24 exited with code 0
2023/10/08 21:58:04 [notice] 1#1: signal 29 (SIGIO) received
2023/10/08 21:58:04 [notice] 1#1: signal 17 (SIGCHLD) received from 25
2023/10/08 21:58:04 [notice] 1#1: worker process 25 exited with code 0
2023/10/08 21:58:04 [notice] 1#1: worker process 23 exited with code 0
2023/10/08 21:58:04 [notice] 1#1: worker process 22 exited with code 0
2023/10/08 21:58:04 [notice] 1#1: exit
2023/10/08 21:58:42 [notice] 1#1: using the "epoll" event method
2023/10/08 21:58:42 [notice] 1#1: nginx/1.25.2
2023/10/08 21:58:42 [notice] 1#1: built by gcc 12.2.1 20220924 (Alpine 12.2.1_git20220924-r10) 
2023/10/08 21:58:42 [notice] 1#1: OS: Linux 5.15.49-linuxkit-pr
2023/10/08 21:58:42 [notice] 1#1: getrlimit(RLIMIT_NOFILE): 1048576:1048576
2023/10/08 21:58:42 [notice] 1#1: start worker processes
2023/10/08 21:58:42 [notice] 1#1: start worker process 20
2023/10/08 21:58:42 [notice] 1#1: start worker process 21
2023/10/08 21:58:42 [notice] 1#1: start worker process 22
2023/10/08 21:58:42 [notice] 1#1: start worker process 23
2023/10/08 21:58:42 [notice] 1#1: start worker process 24
2023/10/08 21:58:42 [notice] 1#1: start worker process 25
2023/10/08 22:03:45 [notice] 1#1: signal 3 (SIGQUIT) received, shutting down
2023/10/08 22:03:45 [notice] 21#21: gracefully shutting down
2023/10/08 22:03:45 [notice] 22#22: gracefully shutting down
2023/10/08 22:03:45 [notice] 20#20: gracefully shutting down
2023/10/08 22:03:45 [notice] 20#20: exiting
2023/10/08 22:03:45 [notice] 24#24: gracefully shutting down
2023/10/08 22:03:45 [notice] 24#24: exiting
2023/10/08 22:03:45 [notice] 23#23: gracefully shutting down
2023/10/08 22:03:45 [notice] 25#25: gracefully shutting down
2023/10/08 22:03:45 [notice] 21#21: exiting
2023/10/08 22:03:45 [notice] 22#22: exiting
2023/10/08 22:03:45 [notice] 24#24: exit
2023/10/08 22:03:45 [notice] 20#20: exit
2023/10/08 22:03:45 [notice] 23#23: exiting
2023/10/08 22:03:45 [notice] 25#25: exiting
2023/10/08 22:03:45 [notice] 21#21: exit
2023/10/08 22:03:45 [notice] 22#22: exit
2023/10/08 22:03:45 [notice] 23#23: exit
2023/10/08 22:03:45 [notice] 25#25: exit
2023/10/08 22:03:45 [notice] 1#1: signal 17 (SIGCHLD) received from 24
2023/10/08 22:03:45 [notice] 1#1: worker process 24 exited with code 0
2023/10/08 22:03:45 [notice] 1#1: signal 29 (SIGIO) received
2023/10/08 22:03:45 [notice] 1#1: signal 17 (SIGCHLD) received from 23
2023/10/08 22:03:45 [notice] 1#1: worker process 23 exited with code 0
2023/10/08 22:03:45 [notice] 1#1: worker process 20 exited with code 0
2023/10/08 22:03:45 [notice] 1#1: worker process 21 exited with code 0
2023/10/08 22:03:45 [notice] 1#1: signal 29 (SIGIO) received
2023/10/08 22:03:45 [notice] 1#1: signal 17 (SIGCHLD) received from 20
2023/10/08 22:03:45 [notice] 1#1: signal 17 (SIGCHLD) received from 25
2023/10/08 22:03:45 [notice] 1#1: worker process 25 exited with code 0
2023/10/08 22:03:45 [notice] 1#1: worker process 22 exited with code 0
2023/10/08 22:03:45 [notice] 1#1: exit
2023/10/08 22:08:48 [notice] 1#1: using the "epoll" event method
2023/10/08 22:08:48 [notice] 1#1: nginx/1.25.2
2023/10/08 22:08:48 [notice] 1#1: built by gcc 12.2.1 20220924 (Alpine 12.2.1_git20220924-r10) 
2023/10/08 22:08:48 [notice] 1#1: OS: Linux 5.15.49-linuxkit-pr
2023/10/08 22:08:48 [notice] 1#1: getrlimit(RLIMIT_NOFILE): 1048576:1048576
2023/10/08 22:08:48 [notice] 1#1: start worker processes
2023/10/08 22:08:48 [notice] 1#1: start worker process 20
2023/10/08 22:08:48 [notice] 1#1: start worker process 21
2023/10/08 22:08:48 [notice] 1#1: start worker process 22
2023/10/08 22:08:48 [notice] 1#1: start worker process 23
2023/10/08 22:08:48 [notice] 1#1: start worker process 24
2023/10/08 22:08:48 [notice] 1#1: start worker process 25
2023/10/08 22:22:25 [notice] 1#1: signal 3 (SIGQUIT) received, shutting down
2023/10/08 22:22:25 [notice] 21#21: gracefully shutting down
2023/10/08 22:22:25 [notice] 23#23: gracefully shutting down
2023/10/08 22:22:25 [notice] 24#24: gracefully shutting down
2023/10/08 22:22:25 [notice] 25#25: gracefully shutting down
2023/10/08 22:22:25 [notice] 20#20: gracefully shutting down
2023/10/08 22:22:25 [notice] 22#22: gracefully shutting down
2023/10/08 22:22:25 [notice] 21#21: exiting
2023/10/08 22:22:25 [notice] 23#23: exiting
2023/10/08 22:22:25 [notice] 25#25: exiting
2023/10/08 22:22:25 [notice] 20#20: exiting
2023/10/08 22:22:25 [notice] 22#22: exiting
2023/10/08 22:22:25 [notice] 23#23: exit
2023/10/08 22:22:25 [notice] 21#21: exit
2023/10/08 22:22:25 [notice] 25#25: exit
2023/10/08 22:22:25 [notice] 20#20: exit
2023/10/08 22:22:25 [notice] 22#22: exit
2023/10/08 22:22:25 [notice] 1#1: signal 17 (SIGCHLD) received from 20
2023/10/08 22:22:25 [notice] 1#1: worker process 20 exited with code 0
2023/10/08 22:22:25 [notice] 1#1: worker process 21 exited with code 0
2023/10/08 22:22:25 [notice] 1#1: signal 29 (SIGIO) received
2023/10/08 22:22:25 [notice] 1#1: signal 17 (SIGCHLD) received from 21
2023/10/08 22:22:25 [notice] 1#1: signal 17 (SIGCHLD) received from 23
2023/10/08 22:22:25 [notice] 1#1: worker process 23 exited with code 0
2023/10/08 22:22:25 [notice] 1#1: signal 29 (SIGIO) received
2023/10/08 22:22:25 [notice] 1#1: signal 17 (SIGCHLD) received from 25
2023/10/08 22:22:25 [notice] 1#1: worker process 22 exited with code 0
2023/10/08 22:22:25 [notice] 1#1: worker process 25 exited with code 0
2023/10/08 22:22:25 [notice] 1#1: signal 29 (SIGIO) received
2023/10/08 22:22:25 [notice] 1#1: signal 17 (SIGCHLD) received from 22
2023/10/08 22:23:27 [notice] 1#1: using the "epoll" event method
2023/10/08 22:23:27 [notice] 1#1: nginx/1.25.2
2023/10/08 22:23:27 [notice] 1#1: built by gcc 12.2.1 20220924 (Alpine 12.2.1_git20220924-r10) 
2023/10/08 22:23:27 [notice] 1#1: OS: Linux 5.15.49-linuxkit-pr
2023/10/08 22:23:27 [notice] 1#1: getrlimit(RLIMIT_NOFILE): 1048576:1048576
2023/10/08 22:23:27 [notice] 1#1: start worker processes
2023/10/08 22:23:27 [notice] 1#1: start worker process 20
2023/10/08 22:23:27 [notice] 1#1: start worker process 21
2023/10/08 22:23:27 [notice] 1#1: start worker process 22
2023/10/08 22:23:27 [notice] 1#1: start worker process 23
2023/10/08 22:23:27 [notice] 1#1: start worker process 24
2023/10/08 22:23:27 [notice] 1#1: start worker process 25
2023/10/08 22:32:34 [notice] 1#1: signal 3 (SIGQUIT) received, shutting down
2023/10/08 22:32:34 [notice] 20#20: gracefully shutting down
2023/10/08 22:32:34 [notice] 21#21: gracefully shutting down
2023/10/08 22:32:34 [notice] 22#22: gracefully shutting down
2023/10/08 22:32:34 [notice] 24#24: gracefully shutting down
2023/10/08 22:32:34 [notice] 23#23: gracefully shutting down
2023/10/08 22:32:34 [notice] 24#24: exiting
2023/10/08 22:32:34 [notice] 22#22: exiting
2023/10/08 22:32:34 [notice] 25#25: gracefully shutting down
2023/10/08 22:32:34 [notice] 21#21: exiting
2023/10/08 22:32:34 [notice] 23#23: exiting
2023/10/08 22:32:34 [notice] 22#22: exit
2023/10/08 22:32:34 [notice] 24#24: exit
2023/10/08 22:32:34 [notice] 23#23: exit
2023/10/08 22:32:34 [notice] 25#25: exiting
2023/10/08 22:32:34 [notice] 21#21: exit
2023/10/08 22:32:34 [notice] 25#25: exit
2023/10/08 22:32:34 [notice] 1#1: signal 17 (SIGCHLD) received from 23
2023/10/08 22:32:34 [notice] 1#1: worker process 23 exited with code 0
2023/10/08 22:32:34 [notice] 1#1: signal 29 (SIGIO) received
2023/10/08 22:32:34 [notice] 1#1: signal 17 (SIGCHLD) received from 25
2023/10/08 22:32:34 [notice] 1#1: worker process 21 exited with code 0
2023/10/08 22:32:34 [notice] 1#1: worker process 25 exited with code 0
2023/10/08 22:32:34 [notice] 1#1: signal 29 (SIGIO) received
2023/10/08 22:32:34 [notice] 1#1: signal 17 (SIGCHLD) received from 21
2023/10/08 22:32:34 [notice] 1#1: signal 17 (SIGCHLD) received from 24
2023/10/08 22:32:34 [notice] 1#1: worker process 24 exited with code 0
2023/10/08 22:32:34 [notice] 1#1: signal 29 (SIGIO) received
2023/10/08 22:32:34 [notice] 1#1: signal 17 (SIGCHLD) received from 22
2023/10/08 22:32:34 [notice] 1#1: worker process 22 exited with code 0
2023/10/08 22:32:34 [notice] 1#1: signal 29 (SIGIO) received
2023/10/08 22:32:56 [notice] 1#1: using the "epoll" event method
2023/10/08 22:32:56 [notice] 1#1: nginx/1.25.2
2023/10/08 22:32:56 [notice] 1#1: built by gcc 12.2.1 20220924 (Alpine 12.2.1_git20220924-r10) 
2023/10/08 22:32:56 [notice] 1#1: OS: Linux 5.15.49-linuxkit-pr
2023/10/08 22:32:56 [notice] 1#1: getrlimit(RLIMIT_NOFILE): 1048576:1048576
2023/10/08 22:32:56 [notice] 1#1: start worker processes
2023/10/08 22:32:56 [notice] 1#1: start worker process 20
2023/10/08 22:32:56 [notice] 1#1: start worker process 21
2023/10/08 22:32:56 [notice] 1#1: start worker process 22
2023/10/08 22:32:56 [notice] 1#1: start worker process 23
2023/10/08 22:32:56 [notice] 1#1: start worker process 24
2023/10/08 22:32:56 [notice] 1#1: start worker process 25
2023/10/09 01:30:06 [notice] 1#1: signal 3 (SIGQUIT) received, shutting down
2023/10/09 01:30:06 [notice] 21#21: gracefully shutting down
2023/10/09 01:30:06 [notice] 20#20: gracefully shutting down
2023/10/09 01:30:06 [notice] 23#23: gracefully shutting down
2023/10/09 01:30:06 [notice] 24#24: gracefully shutting down
2023/10/09 01:30:06 [notice] 22#22: gracefully shutting down
2023/10/09 01:30:06 [notice] 24#24: exiting
2023/10/09 01:30:06 [notice] 25#25: gracefully shutting down
2023/10/09 01:30:06 [notice] 20#20: exiting
2023/10/09 01:30:06 [notice] 23#23: exiting
2023/10/09 01:30:06 [notice] 22#22: exiting
2023/10/09 01:30:06 [notice] 25#25: exiting
2023/10/09 01:30:06 [notice] 24#24: exit
2023/10/09 01:30:06 [notice] 20#20: exit
2023/10/09 01:30:06 [notice] 23#23: exit
2023/10/09 01:30:06 [notice] 22#22: exit
2023/10/09 01:30:06 [notice] 25#25: exit
2023/10/09 01:30:06 [notice] 1#1: signal 17 (SIGCHLD) received from 25
2023/10/09 01:30:06 [notice] 1#1: worker process 20 exited with code 0
2023/10/09 01:30:06 [notice] 1#1: worker process 24 exited with code 0
2023/10/09 01:30:06 [notice] 1#1: worker process 25 exited with code 0
2023/10/09 01:30:06 [notice] 1#1: signal 29 (SIGIO) received
2023/10/09 01:30:06 [notice] 1#1: signal 17 (SIGCHLD) received from 20
2023/10/09 01:30:06 [notice] 1#1: signal 17 (SIGCHLD) received from 23
2023/10/09 01:30:06 [notice] 1#1: worker process 23 exited with code 0
2023/10/09 01:30:06 [notice] 1#1: signal 29 (SIGIO) received
2023/10/09 01:30:06 [notice] 1#1: signal 17 (SIGCHLD) received from 22
2023/10/09 01:30:06 [notice] 1#1: worker process 22 exited with code 0
2023/10/09 01:30:06 [notice] 1#1: signal 29 (SIGIO) received
2023/10/09 01:33:49 [notice] 1#1: using the "epoll" event method
2023/10/09 01:33:49 [notice] 1#1: nginx/1.25.2
2023/10/09 01:33:49 [notice] 1#1: built by gcc 12.2.1 20220924 (Alpine 12.2.1_git20220924-r10) 
2023/10/09 01:33:49 [notice] 1#1: OS: Linux 5.15.49-linuxkit-pr
2023/10/09 01:33:49 [notice] 1#1: getrlimit(RLIMIT_NOFILE): 1048576:1048576
2023/10/09 01:33:49 [notice] 1#1: start worker processes
2023/10/09 01:33:49 [notice] 1#1: start worker process 19
2023/10/09 01:33:49 [notice] 1#1: start worker process 20
2023/10/09 01:33:49 [notice] 1#1: start worker process 21
2023/10/09 01:33:49 [notice] 1#1: start worker process 22
2023/10/09 01:33:49 [notice] 1#1: start worker process 23
2023/10/09 01:33:49 [notice] 1#1: start worker process 24
2023/10/09 01:53:29 [notice] 1#1: signal 3 (SIGQUIT) received, shutting down
2023/10/09 01:53:29 [notice] 21#21: gracefully shutting down
2023/10/09 01:53:29 [notice] 22#22: gracefully shutting down
2023/10/09 01:53:29 [notice] 20#20: gracefully shutting down
2023/10/09 01:53:29 [notice] 23#23: gracefully shutting down
2023/10/09 01:53:29 [notice] 19#19: gracefully shutting down
2023/10/09 01:53:29 [notice] 24#24: gracefully shutting down
2023/10/09 01:53:29 [notice] 21#21: exiting
2023/10/09 01:53:29 [notice] 20#20: exiting
2023/10/09 01:53:29 [notice] 23#23: exiting
2023/10/09 01:53:29 [notice] 24#24: exiting
2023/10/09 01:53:29 [notice] 19#19: exiting
2023/10/09 01:53:29 [notice] 23#23: exit
2023/10/09 01:53:29 [notice] 21#21: exit
2023/10/09 01:53:29 [notice] 20#20: exit
2023/10/09 01:53:29 [notice] 24#24: exit
2023/10/09 01:53:29 [notice] 19#19: exit
2023/10/09 01:53:29 [notice] 1#1: signal 17 (SIGCHLD) received from 23
2023/10/09 01:53:29 [notice] 1#1: worker process 19 exited with code 0
2023/10/09 01:53:29 [notice] 1#1: worker process 20 exited with code 0
2023/10/09 01:53:29 [notice] 1#1: worker process 21 exited with code 0
2023/10/09 01:53:29 [notice] 1#1: worker process 23 exited with code 0
2023/10/09 01:53:29 [notice] 1#1: worker process 24 exited with code 0
2023/10/09 01:53:29 [notice] 1#1: signal 29 (SIGIO) received
2023/10/09 01:53:29 [notice] 1#1: signal 17 (SIGCHLD) received from 19
2023/10/09 01:53:58 [notice] 1#1: using the "epoll" event method
2023/10/09 01:53:58 [notice] 1#1: nginx/1.25.2
2023/10/09 01:53:58 [notice] 1#1: built by gcc 12.2.1 20220924 (Alpine 12.2.1_git20220924-r10) 
2023/10/09 01:53:58 [notice] 1#1: OS: Linux 5.15.49-linuxkit-pr
2023/10/09 01:53:58 [notice] 1#1: getrlimit(RLIMIT_NOFILE): 1048576:1048576
2023/10/09 01:53:58 [notice] 1#1: start worker processes
2023/10/09 01:53:58 [notice] 1#1: start worker process 20
2023/10/09 01:53:58 [notice] 1#1: start worker process 21
2023/10/09 01:53:58 [notice] 1#1: start worker process 22
2023/10/09 01:53:58 [notice] 1#1: start worker process 23
2023/10/09 01:53:58 [notice] 1#1: start worker process 24
2023/10/09 01:53:58 [notice] 1#1: start worker process 25
2023/10/09 01:55:10 [notice] 1#1: signal 3 (SIGQUIT) received, shutting down
2023/10/09 01:55:10 [notice] 20#20: gracefully shutting down
2023/10/09 01:55:10 [notice] 22#22: gracefully shutting down
2023/10/09 01:55:10 [notice] 21#21: gracefully shutting down
2023/10/09 01:55:10 [notice] 23#23: gracefully shutting down
2023/10/09 01:55:10 [notice] 24#24: gracefully shutting down
2023/10/09 01:55:10 [notice] 25#25: gracefully shutting down
2023/10/09 01:55:10 [notice] 20#20: exiting
2023/10/09 01:55:10 [notice] 22#22: exiting
2023/10/09 01:55:10 [notice] 25#25: exiting
2023/10/09 01:55:10 [notice] 22#22: exit
2023/10/09 01:55:10 [notice] 21#21: exiting
2023/10/09 01:55:10 [notice] 23#23: exiting
2023/10/09 01:55:10 [notice] 24#24: exiting
2023/10/09 01:55:10 [notice] 25#25: exit
2023/10/09 01:55:10 [notice] 20#20: exit
2023/10/09 01:55:10 [notice] 21#21: exit
2023/10/09 01:55:10 [notice] 23#23: exit
2023/10/09 01:55:10 [notice] 24#24: exit
2023/10/09 01:55:10 [notice] 1#1: signal 17 (SIGCHLD) received from 21
2023/10/09 01:55:10 [notice] 1#1: worker process 21 exited with code 0
2023/10/09 01:55:10 [notice] 1#1: worker process 22 exited with code 0
2023/10/09 01:55:10 [notice] 1#1: worker process 25 exited with code 0
2023/10/09 01:55:10 [notice] 1#1: signal 29 (SIGIO) received
2023/10/09 01:55:10 [notice] 1#1: signal 17 (SIGCHLD) received from 22
2023/10/09 01:55:10 [notice] 1#1: signal 17 (SIGCHLD) received from 24
2023/10/09 01:55:10 [notice] 1#1: worker process 24 exited with code 0
2023/10/09 01:55:10 [notice] 1#1: worker process 20 exited with code 0
2023/10/09 01:55:10 [notice] 1#1: worker process 23 exited with code 0
2023/10/09 01:55:10 [notice] 1#1: exit
2023/10/09 01:55:22 [notice] 1#1: using the "epoll" event method
2023/10/09 01:55:22 [notice] 1#1: nginx/1.25.2
2023/10/09 01:55:22 [notice] 1#1: built by gcc 12.2.1 20220924 (Alpine 12.2.1_git20220924-r10) 
2023/10/09 01:55:22 [notice] 1#1: OS: Linux 5.15.49-linuxkit-pr
2023/10/09 01:55:22 [notice] 1#1: getrlimit(RLIMIT_NOFILE): 1048576:1048576
2023/10/09 01:55:22 [notice] 1#1: start worker processes
2023/10/09 01:55:22 [notice] 1#1: start worker process 19
2023/10/09 01:55:22 [notice] 1#1: start worker process 20
2023/10/09 01:55:22 [notice] 1#1: start worker process 21
2023/10/09 01:55:22 [notice] 1#1: start worker process 22
2023/10/09 01:55:22 [notice] 1#1: start worker process 23
2023/10/09 01:55:22 [notice] 1#1: start worker process 24
2023/10/09 01:57:56 [notice] 1#1: signal 3 (SIGQUIT) received, shutting down
2023/10/09 01:57:56 [notice] 20#20: gracefully shutting down
2023/10/09 01:57:56 [notice] 19#19: gracefully shutting down
2023/10/09 01:57:56 [notice] 19#19: exiting
2023/10/09 01:57:56 [notice] 22#22: gracefully shutting down
2023/10/09 01:57:56 [notice] 21#21: gracefully shutting down
2023/10/09 01:57:56 [notice] 24#24: gracefully shutting down
2023/10/09 01:57:56 [notice] 23#23: gracefully shutting down
2023/10/09 01:57:56 [notice] 20#20: exiting
2023/10/09 01:57:56 [notice] 19#19: exit
2023/10/09 01:57:56 [notice] 22#22: exiting
2023/10/09 01:57:56 [notice] 21#21: exiting
2023/10/09 01:57:56 [notice] 24#24: exiting
2023/10/09 01:57:56 [notice] 20#20: exit
2023/10/09 01:57:56 [notice] 22#22: exit
2023/10/09 01:57:56 [notice] 21#21: exit
2023/10/09 01:57:56 [notice] 24#24: exit
2023/10/09 01:57:56 [notice] 1#1: signal 17 (SIGCHLD) received from 20
2023/10/09 01:57:56 [notice] 1#1: worker process 20 exited with code 0
2023/10/09 01:57:56 [notice] 1#1: signal 29 (SIGIO) received
2023/10/09 01:57:56 [notice] 1#1: signal 17 (SIGCHLD) received from 21
2023/10/09 01:57:56 [notice] 1#1: worker process 21 exited with code 0
2023/10/09 01:57:56 [notice] 1#1: worker process 24 exited with code 0
2023/10/09 01:57:56 [notice] 1#1: worker process 19 exited with code 0
2023/10/09 01:57:56 [notice] 1#1: signal 29 (SIGIO) received
2023/10/09 01:57:56 [notice] 1#1: signal 17 (SIGCHLD) received from 24
2023/10/09 01:57:56 [notice] 1#1: signal 17 (SIGCHLD) received from 22
2023/10/09 01:57:56 [notice] 1#1: worker process 22 exited with code 0
2023/10/09 01:57:56 [notice] 1#1: signal 29 (SIGIO) received
2023/10/09 01:58:09 [notice] 1#1: using the "epoll" event method
2023/10/09 01:58:09 [notice] 1#1: nginx/1.25.2
2023/10/09 01:58:09 [notice] 1#1: built by gcc 12.2.1 20220924 (Alpine 12.2.1_git20220924-r10) 
2023/10/09 01:58:09 [notice] 1#1: OS: Linux 5.15.49-linuxkit-pr
2023/10/09 01:58:09 [notice] 1#1: getrlimit(RLIMIT_NOFILE): 1048576:1048576
2023/10/09 01:58:09 [notice] 1#1: start worker processes
2023/10/09 01:58:09 [notice] 1#1: start worker process 20
2023/10/09 01:58:09 [notice] 1#1: start worker process 21
2023/10/09 01:58:09 [notice] 1#1: start worker process 22
2023/10/09 01:58:09 [notice] 1#1: start worker process 23
2023/10/09 01:58:09 [notice] 1#1: start worker process 24
2023/10/09 01:58:09 [notice] 1#1: start worker process 25
2023/10/09 02:44:39 [notice] 1#1: signal 3 (SIGQUIT) received, shutting down
2023/10/09 02:44:39 [notice] 21#21: gracefully shutting down
2023/10/09 02:44:39 [notice] 23#23: gracefully shutting down
2023/10/09 02:44:39 [notice] 22#22: gracefully shutting down
2023/10/09 02:44:39 [notice] 25#25: gracefully shutting down
2023/10/09 02:44:39 [notice] 24#24: gracefully shutting down
2023/10/09 02:44:39 [notice] 20#20: gracefully shutting down
2023/10/09 02:44:39 [notice] 21#21: exiting
2023/10/09 02:44:39 [notice] 22#22: exiting
2023/10/09 02:44:39 [notice] 23#23: exiting
2023/10/09 02:44:39 [notice] 24#24: exiting
2023/10/09 02:44:39 [notice] 20#20: exiting
2023/10/09 02:44:39 [notice] 21#21: exit
2023/10/09 02:44:39 [notice] 22#22: exit
2023/10/09 02:44:39 [notice] 23#23: exit
2023/10/09 02:44:39 [notice] 24#24: exit
2023/10/09 02:44:39 [notice] 20#20: exit
2023/10/09 02:44:39 [notice] 1#1: signal 17 (SIGCHLD) received from 24
2023/10/09 02:44:39 [notice] 1#1: worker process 20 exited with code 0
2023/10/09 02:44:39 [notice] 1#1: worker process 21 exited with code 0
2023/10/09 02:44:39 [notice] 1#1: worker process 22 exited with code 0
2023/10/09 02:44:39 [notice] 1#1: worker process 23 exited with code 0
2023/10/09 02:44:39 [notice] 1#1: worker process 24 exited with code 0
2023/10/09 02:44:39 [notice] 1#1: signal 29 (SIGIO) received
2023/10/09 02:48:43 [notice] 1#1: using the "epoll" event method
2023/10/09 02:48:43 [notice] 1#1: nginx/1.25.2
2023/10/09 02:48:43 [notice] 1#1: built by gcc 12.2.1 20220924 (Alpine 12.2.1_git20220924-r10) 
2023/10/09 02:48:43 [notice] 1#1: OS: Linux 5.15.49-linuxkit-pr
2023/10/09 02:48:43 [notice] 1#1: getrlimit(RLIMIT_NOFILE): 1048576:1048576
2023/10/09 02:48:43 [notice] 1#1: start worker processes
2023/10/09 02:48:43 [notice] 1#1: start worker process 20
2023/10/09 02:48:43 [notice] 1#1: start worker process 21
2023/10/09 02:48:43 [notice] 1#1: start worker process 22
2023/10/09 02:48:43 [notice] 1#1: start worker process 23
2023/10/09 02:48:43 [notice] 1#1: start worker process 24
2023/10/09 02:48:43 [notice] 1#1: start worker process 25
2023/10/09 03:26:23 [notice] 1#1: signal 3 (SIGQUIT) received, shutting down
2023/10/09 03:26:23 [notice] 20#20: gracefully shutting down
2023/10/09 03:26:23 [notice] 21#21: gracefully shutting down
2023/10/09 03:26:23 [notice] 24#24: gracefully shutting down
2023/10/09 03:26:23 [notice] 23#23: gracefully shutting down
2023/10/09 03:26:23 [notice] 24#24: exiting
2023/10/09 03:26:23 [notice] 22#22: gracefully shutting down
2023/10/09 03:26:23 [notice] 25#25: gracefully shutting down
2023/10/09 03:26:23 [notice] 24#24: exit
2023/10/09 03:26:23 [notice] 20#20: exiting
2023/10/09 03:26:23 [notice] 23#23: exiting
2023/10/09 03:26:23 [notice] 22#22: exiting
2023/10/09 03:26:23 [notice] 23#23: exit
2023/10/09 03:26:23 [notice] 25#25: exiting
2023/10/09 03:26:23 [notice] 20#20: exit
2023/10/09 03:26:23 [notice] 25#25: exit
2023/10/09 03:26:23 [notice] 22#22: exit
2023/10/09 03:26:23 [notice] 1#1: signal 17 (SIGCHLD) received from 24
2023/10/09 03:26:23 [notice] 1#1: worker process 20 exited with code 0
2023/10/09 03:26:23 [notice] 1#1: worker process 22 exited with code 0
2023/10/09 03:26:23 [notice] 1#1: worker process 23 exited with code 0
2023/10/09 03:26:23 [notice] 1#1: worker process 24 exited with code 0
2023/10/09 03:26:23 [notice] 1#1: worker process 25 exited with code 0
2023/10/09 03:26:23 [notice] 1#1: signal 29 (SIGIO) received
2023/10/09 03:26:23 [notice] 1#1: signal 17 (SIGCHLD) received from 23
2023/10/09 03:31:38 [notice] 1#1: using the "epoll" event method
2023/10/09 03:31:38 [notice] 1#1: nginx/1.25.2
2023/10/09 03:31:38 [notice] 1#1: built by gcc 12.2.1 20220924 (Alpine 12.2.1_git20220924-r10) 
2023/10/09 03:31:38 [notice] 1#1: OS: Linux 5.15.49-linuxkit-pr
2023/10/09 03:31:38 [notice] 1#1: getrlimit(RLIMIT_NOFILE): 1048576:1048576
2023/10/09 03:31:38 [notice] 1#1: start worker processes
2023/10/09 03:31:38 [notice] 1#1: start worker process 19
2023/10/09 03:31:38 [notice] 1#1: start worker process 20
2023/10/09 03:31:38 [notice] 1#1: start worker process 21
2023/10/09 03:31:38 [notice] 1#1: start worker process 22
2023/10/09 03:31:38 [notice] 1#1: start worker process 23
2023/10/09 03:31:38 [notice] 1#1: start worker process 24
2023/10/09 09:00:45 [notice] 1#1: signal 3 (SIGQUIT) received, shutting down
2023/10/09 09:00:45 [notice] 21#21: gracefully shutting down
2023/10/09 09:00:45 [notice] 23#23: gracefully shutting down
2023/10/09 09:00:45 [notice] 19#19: gracefully shutting down
2023/10/09 09:00:45 [notice] 22#22: gracefully shutting down
2023/10/09 09:00:45 [notice] 23#23: exiting
2023/10/09 09:00:45 [notice] 20#20: gracefully shutting down
2023/10/09 09:00:45 [notice] 24#24: gracefully shutting down
2023/10/09 09:00:45 [notice] 23#23: exit
2023/10/09 09:00:45 [notice] 20#20: exiting
2023/10/09 09:00:45 [notice] 20#20: exit
2023/10/09 09:00:45 [notice] 24#24: exiting
2023/10/09 09:00:45 [notice] 19#19: exiting
2023/10/09 09:00:45 [notice] 22#22: exiting
2023/10/09 09:00:45 [notice] 24#24: exit
2023/10/09 09:00:45 [notice] 19#19: exit
2023/10/09 09:00:45 [notice] 22#22: exit
2023/10/09 09:00:45 [notice] 1#1: signal 17 (SIGCHLD) received from 24
2023/10/09 09:00:45 [notice] 1#1: worker process 20 exited with code 0
2023/10/09 09:00:45 [notice] 1#1: worker process 22 exited with code 0
2023/10/09 09:00:45 [notice] 1#1: worker process 24 exited with code 0
2023/10/09 09:00:45 [notice] 1#1: signal 29 (SIGIO) received
2023/10/09 09:00:45 [notice] 1#1: signal 17 (SIGCHLD) received from 20
2023/10/09 09:00:45 [notice] 1#1: worker process 23 exited with code 0
2023/10/09 09:00:45 [notice] 1#1: signal 29 (SIGIO) received
2023/10/09 09:00:45 [notice] 1#1: signal 17 (SIGCHLD) received from 23
2023/10/09 09:00:45 [notice] 1#1: signal 17 (SIGCHLD) received from 19
2023/10/09 09:00:45 [notice] 1#1: worker process 19 exited with code 0
2023/10/09 09:00:45 [notice] 1#1: signal 29 (SIGIO) received
2023/10/09 09:01:10 [notice] 1#1: using the "epoll" event method
2023/10/09 09:01:10 [notice] 1#1: nginx/1.25.2
2023/10/09 09:01:10 [notice] 1#1: built by gcc 12.2.1 20220924 (Alpine 12.2.1_git20220924-r10) 
2023/10/09 09:01:10 [notice] 1#1: OS: Linux 5.15.49-linuxkit-pr
2023/10/09 09:01:10 [notice] 1#1: getrlimit(RLIMIT_NOFILE): 1048576:1048576
2023/10/09 09:01:10 [notice] 1#1: start worker processes
2023/10/09 09:01:10 [notice] 1#1: start worker process 20
2023/10/09 09:01:10 [notice] 1#1: start worker process 21
2023/10/09 09:01:10 [notice] 1#1: start worker process 22
2023/10/09 09:01:10 [notice] 1#1: start worker process 23
2023/10/09 09:01:10 [notice] 1#1: start worker process 24
2023/10/09 09:01:10 [notice] 1#1: start worker process 25
2023/10/09 09:09:03 [notice] 1#1: signal 3 (SIGQUIT) received, shutting down
2023/10/09 09:09:03 [notice] 20#20: gracefully shutting down
2023/10/09 09:09:03 [notice] 21#21: gracefully shutting down
2023/10/09 09:09:03 [notice] 22#22: gracefully shutting down
2023/10/09 09:09:03 [notice] 23#23: gracefully shutting down
2023/10/09 09:09:03 [notice] 24#24: gracefully shutting down
2023/10/09 09:09:03 [notice] 25#25: gracefully shutting down
2023/10/09 09:09:03 [notice] 20#20: exiting
2023/10/09 09:09:03 [notice] 21#21: exiting
2023/10/09 09:09:03 [notice] 22#22: exiting
2023/10/09 09:09:03 [notice] 20#20: exit
2023/10/09 09:09:03 [notice] 23#23: exiting
2023/10/09 09:09:03 [notice] 24#24: exiting
2023/10/09 09:09:03 [notice] 22#22: exit
2023/10/09 09:09:03 [notice] 21#21: exit
2023/10/09 09:09:03 [notice] 23#23: exit
2023/10/09 09:09:03 [notice] 24#24: exit
2023/10/09 09:09:03 [notice] 1#1: signal 17 (SIGCHLD) received from 23
2023/10/09 09:09:03 [notice] 1#1: worker process 23 exited with code 0
2023/10/09 09:09:03 [notice] 1#1: worker process 24 exited with code 0
2023/10/09 09:09:03 [notice] 1#1: signal 29 (SIGIO) received
2023/10/09 09:09:03 [notice] 1#1: signal 17 (SIGCHLD) received from 24
2023/10/09 09:09:03 [notice] 1#1: signal 17 (SIGCHLD) received from 22
2023/10/09 09:09:03 [notice] 1#1: worker process 22 exited with code 0
2023/10/09 09:09:03 [notice] 1#1: signal 29 (SIGIO) received
2023/10/09 09:09:03 [notice] 1#1: signal 17 (SIGCHLD) received from 20
2023/10/09 09:09:03 [notice] 1#1: worker process 20 exited with code 0
2023/10/09 09:09:03 [notice] 1#1: signal 29 (SIGIO) received
2023/10/09 09:09:03 [notice] 1#1: signal 17 (SIGCHLD) received from 21
2023/10/09 09:09:03 [notice] 1#1: worker process 21 exited with code 0
2023/10/09 09:09:03 [notice] 1#1: signal 29 (SIGIO) received
2023/10/09 09:18:38 [notice] 1#1: using the "epoll" event method
2023/10/09 09:18:38 [notice] 1#1: nginx/1.25.2
2023/10/09 09:18:38 [notice] 1#1: built by gcc 12.2.1 20220924 (Alpine 12.2.1_git20220924-r10) 
2023/10/09 09:18:38 [notice] 1#1: OS: Linux 5.15.49-linuxkit-pr
2023/10/09 09:18:38 [notice] 1#1: getrlimit(RLIMIT_NOFILE): 1048576:1048576
2023/10/09 09:18:38 [notice] 1#1: start worker processes
2023/10/09 09:18:38 [notice] 1#1: start worker process 19
2023/10/09 09:18:38 [notice] 1#1: start worker process 20
2023/10/09 09:18:38 [notice] 1#1: start worker process 21
2023/10/09 09:18:38 [notice] 1#1: start worker process 22
2023/10/09 09:18:38 [notice] 1#1: start worker process 23
2023/10/09 09:18:38 [notice] 1#1: start worker process 24
2023/10/09 09:25:21 [notice] 1#1: signal 3 (SIGQUIT) received, shutting down
2023/10/09 09:25:21 [notice] 23#23: gracefully shutting down
2023/10/09 09:25:21 [notice] 19#19: gracefully shutting down
2023/10/09 09:25:21 [notice] 20#20: gracefully shutting down
2023/10/09 09:25:21 [notice] 22#22: gracefully shutting down
2023/10/09 09:25:21 [notice] 21#21: gracefully shutting down
2023/10/09 09:25:21 [notice] 24#24: gracefully shutting down
2023/10/09 09:25:21 [notice] 21#21: exiting
2023/10/09 09:25:21 [notice] 20#20: exiting
2023/10/09 09:25:21 [notice] 23#23: exiting
2023/10/09 09:25:21 [notice] 19#19: exiting
2023/10/09 09:25:21 [notice] 24#24: exiting
2023/10/09 09:25:21 [notice] 21#21: exit
2023/10/09 09:25:21 [notice] 20#20: exit
2023/10/09 09:25:21 [notice] 23#23: exit
2023/10/09 09:25:21 [notice] 19#19: exit
2023/10/09 09:25:21 [notice] 24#24: exit
2023/10/09 09:25:21 [notice] 1#1: signal 17 (SIGCHLD) received from 20
2023/10/09 09:25:21 [notice] 1#1: worker process 19 exited with code 0
2023/10/09 09:25:21 [notice] 1#1: worker process 20 exited with code 0
2023/10/09 09:25:21 [notice] 1#1: worker process 21 exited with code 0
2023/10/09 09:25:21 [notice] 1#1: worker process 23 exited with code 0
2023/10/09 09:25:21 [notice] 1#1: worker process 24 exited with code 0
2023/10/09 09:25:21 [notice] 1#1: signal 29 (SIGIO) received
2023/10/09 09:25:21 [notice] 1#1: signal 17 (SIGCHLD) received from 23
2023/10/09 09:25:48 [notice] 1#1: using the "epoll" event method
2023/10/09 09:25:48 [notice] 1#1: nginx/1.25.2
2023/10/09 09:25:48 [notice] 1#1: built by gcc 12.2.1 20220924 (Alpine 12.2.1_git20220924-r10) 
2023/10/09 09:25:48 [notice] 1#1: OS: Linux 5.15.49-linuxkit-pr
2023/10/09 09:25:48 [notice] 1#1: getrlimit(RLIMIT_NOFILE): 1048576:1048576
2023/10/09 09:25:48 [notice] 1#1: start worker processes
2023/10/09 09:25:48 [notice] 1#1: start worker process 19
2023/10/09 09:25:48 [notice] 1#1: start worker process 20
2023/10/09 09:25:48 [notice] 1#1: start worker process 21
2023/10/09 09:25:48 [notice] 1#1: start worker process 22
2023/10/09 09:25:48 [notice] 1#1: start worker process 23
2023/10/09 09:25:48 [notice] 1#1: start worker process 24
2023/10/10 02:45:42 [notice] 1#1: signal 3 (SIGQUIT) received, shutting down
2023/10/10 02:45:42 [notice] 19#19: gracefully shutting down
2023/10/10 02:45:42 [notice] 21#21: gracefully shutting down
2023/10/10 02:45:42 [notice] 21#21: exiting
2023/10/10 02:45:42 [notice] 20#20: gracefully shutting down
2023/10/10 02:45:42 [notice] 21#21: exit
2023/10/10 02:45:42 [notice] 20#20: exiting
2023/10/10 02:45:42 [notice] 22#22: gracefully shutting down
2023/10/10 02:45:42 [notice] 24#24: gracefully shutting down
2023/10/10 02:45:42 [notice] 23#23: gracefully shutting down
2023/10/10 02:45:42 [notice] 20#20: exit
2023/10/10 02:45:42 [notice] 22#22: exiting
2023/10/10 02:45:42 [notice] 24#24: exiting
2023/10/10 02:45:42 [notice] 23#23: exiting
2023/10/10 02:45:42 [notice] 22#22: exit
2023/10/10 02:45:42 [notice] 24#24: exit
2023/10/10 02:45:42 [notice] 23#23: exit
2023/10/10 02:45:42 [notice] 1#1: signal 17 (SIGCHLD) received from 21
2023/10/10 02:45:42 [notice] 1#1: worker process 21 exited with code 0
2023/10/10 02:45:42 [notice] 1#1: worker process 20 exited with code 0
2023/10/10 02:45:42 [notice] 1#1: worker process 22 exited with code 0
2023/10/10 02:45:42 [notice] 1#1: worker process 23 exited with code 0
2023/10/10 02:45:42 [notice] 1#1: worker process 24 exited with code 0
2023/10/10 02:45:42 [notice] 1#1: signal 29 (SIGIO) received
2023/10/10 02:45:42 [notice] 1#1: signal 17 (SIGCHLD) received from 20
2023/10/10 02:46:05 [notice] 1#1: using the "epoll" event method
2023/10/10 02:46:05 [notice] 1#1: nginx/1.25.2
2023/10/10 02:46:05 [notice] 1#1: built by gcc 12.2.1 20220924 (Alpine 12.2.1_git20220924-r10) 
2023/10/10 02:46:05 [notice] 1#1: OS: Linux 5.15.49-linuxkit-pr
2023/10/10 02:46:05 [notice] 1#1: getrlimit(RLIMIT_NOFILE): 1048576:1048576
2023/10/10 02:46:05 [notice] 1#1: start worker processes
2023/10/10 02:46:05 [notice] 1#1: start worker process 20
2023/10/10 02:46:05 [notice] 1#1: start worker process 21
2023/10/10 02:46:05 [notice] 1#1: start worker process 22
2023/10/10 02:46:05 [notice] 1#1: start worker process 23
2023/10/10 02:46:05 [notice] 1#1: start worker process 24
2023/10/10 02:46:05 [notice] 1#1: start worker process 25
2023/10/10 04:15:36 [notice] 1#1: signal 3 (SIGQUIT) received, shutting down
2023/10/10 04:15:36 [notice] 20#20: gracefully shutting down
2023/10/10 04:15:36 [notice] 21#21: gracefully shutting down
2023/10/10 04:15:36 [notice] 25#25: gracefully shutting down
2023/10/10 04:15:36 [notice] 24#24: gracefully shutting down
2023/10/10 04:15:36 [notice] 22#22: gracefully shutting down
2023/10/10 04:15:36 [notice] 23#23: gracefully shutting down
2023/10/10 04:15:36 [notice] 20#20: exiting
2023/10/10 04:15:36 [notice] 24#24: exiting
2023/10/10 04:15:36 [notice] 21#21: exiting
2023/10/10 04:15:36 [notice] 24#24: exit
2023/10/10 04:15:36 [notice] 22#22: exiting
2023/10/10 04:15:36 [notice] 20#20: exit
2023/10/10 04:15:36 [notice] 23#23: exiting
2023/10/10 04:15:36 [notice] 21#21: exit
2023/10/10 04:15:36 [notice] 22#22: exit
2023/10/10 04:15:36 [notice] 23#23: exit
2023/10/10 04:15:36 [notice] 1#1: signal 17 (SIGCHLD) received from 23
2023/10/10 04:15:36 [notice] 1#1: worker process 23 exited with code 0
2023/10/10 04:15:36 [notice] 1#1: signal 29 (SIGIO) received
2023/10/10 04:15:36 [notice] 1#1: signal 17 (SIGCHLD) received from 21
2023/10/10 04:15:36 [notice] 1#1: worker process 20 exited with code 0
2023/10/10 04:15:36 [notice] 1#1: worker process 21 exited with code 0
2023/10/10 04:15:36 [notice] 1#1: worker process 22 exited with code 0
2023/10/10 04:15:36 [notice] 1#1: worker process 24 exited with code 0
2023/10/10 04:15:36 [notice] 1#1: signal 29 (SIGIO) received
2023/10/10 04:16:04 [notice] 1#1: using the "epoll" event method
2023/10/10 04:16:04 [notice] 1#1: nginx/1.25.2
2023/10/10 04:16:04 [notice] 1#1: built by gcc 12.2.1 20220924 (Alpine 12.2.1_git20220924-r10) 
2023/10/10 04:16:04 [notice] 1#1: OS: Linux 5.15.49-linuxkit-pr
2023/10/10 04:16:04 [notice] 1#1: getrlimit(RLIMIT_NOFILE): 1048576:1048576
2023/10/10 04:16:04 [notice] 1#1: start worker processes
2023/10/10 04:16:04 [notice] 1#1: start worker process 20
2023/10/10 04:16:04 [notice] 1#1: start worker process 21
2023/10/10 04:16:04 [notice] 1#1: start worker process 22
2023/10/10 04:16:04 [notice] 1#1: start worker process 23
2023/10/10 04:16:04 [notice] 1#1: start worker process 24
2023/10/10 04:16:04 [notice] 1#1: start worker process 25
2023/10/10 04:23:57 [notice] 1#1: signal 3 (SIGQUIT) received, shutting down
2023/10/10 04:23:57 [notice] 20#20: gracefully shutting down
2023/10/10 04:23:57 [notice] 25#25: gracefully shutting down
2023/10/10 04:23:57 [notice] 20#20: exiting
2023/10/10 04:23:57 [notice] 21#21: gracefully shutting down
2023/10/10 04:23:57 [notice] 22#22: gracefully shutting down
2023/10/10 04:23:57 [notice] 20#20: exit
2023/10/10 04:23:57 [notice] 24#24: gracefully shutting down
2023/10/10 04:23:57 [notice] 23#23: gracefully shutting down
2023/10/10 04:23:57 [notice] 25#25: exiting
2023/10/10 04:23:57 [notice] 21#21: exiting
2023/10/10 04:23:57 [notice] 25#25: exit
2023/10/10 04:23:57 [notice] 24#24: exiting
2023/10/10 04:23:57 [notice] 21#21: exit
2023/10/10 04:23:57 [notice] 23#23: exiting
2023/10/10 04:23:57 [notice] 24#24: exit
2023/10/10 04:23:57 [notice] 23#23: exit
2023/10/10 04:23:57 [notice] 1#1: signal 17 (SIGCHLD) received from 24
2023/10/10 04:23:57 [notice] 1#1: worker process 24 exited with code 0
2023/10/10 04:23:57 [notice] 1#1: signal 29 (SIGIO) received
2023/10/10 04:23:57 [notice] 1#1: signal 17 (SIGCHLD) received from 21
2023/10/10 04:23:57 [notice] 1#1: worker process 20 exited with code 0
2023/10/10 04:23:57 [notice] 1#1: worker process 21 exited with code 0
2023/10/10 04:23:57 [notice] 1#1: worker process 23 exited with code 0
2023/10/10 04:23:57 [notice] 1#1: worker process 25 exited with code 0
2023/10/10 04:23:57 [notice] 1#1: signal 29 (SIGIO) received
2023/10/10 04:23:57 [notice] 1#1: signal 17 (SIGCHLD) received from 20
2023/10/10 04:24:16 [notice] 1#1: using the "epoll" event method
2023/10/10 04:24:16 [notice] 1#1: nginx/1.25.2
2023/10/10 04:24:16 [notice] 1#1: built by gcc 12.2.1 20220924 (Alpine 12.2.1_git20220924-r10) 
2023/10/10 04:24:16 [notice] 1#1: OS: Linux 5.15.49-linuxkit-pr
2023/10/10 04:24:16 [notice] 1#1: getrlimit(RLIMIT_NOFILE): 1048576:1048576
2023/10/10 04:24:16 [notice] 1#1: start worker processes
2023/10/10 04:24:16 [notice] 1#1: start worker process 20
2023/10/10 04:24:16 [notice] 1#1: start worker process 21
2023/10/10 04:24:16 [notice] 1#1: start worker process 22
2023/10/10 04:24:16 [notice] 1#1: start worker process 23
2023/10/10 04:24:16 [notice] 1#1: start worker process 24
2023/10/10 04:24:16 [notice] 1#1: start worker process 25
2023/10/10 08:37:37 [notice] 1#1: signal 3 (SIGQUIT) received, shutting down
2023/10/10 08:37:37 [notice] 21#21: gracefully shutting down
2023/10/10 08:37:37 [notice] 22#22: gracefully shutting down
2023/10/10 08:37:37 [notice] 20#20: gracefully shutting down
2023/10/10 08:37:37 [notice] 20#20: exiting
2023/10/10 08:37:37 [notice] 22#22: exiting
2023/10/10 08:37:37 [notice] 24#24: gracefully shutting down
2023/10/10 08:37:37 [notice] 25#25: gracefully shutting down
2023/10/10 08:37:37 [notice] 23#23: gracefully shutting down
2023/10/10 08:37:37 [notice] 21#21: exiting
2023/10/10 08:37:37 [notice] 20#20: exit
2023/10/10 08:37:37 [notice] 22#22: exit
2023/10/10 08:37:37 [notice] 25#25: exiting
2023/10/10 08:37:37 [notice] 23#23: exiting
2023/10/10 08:37:37 [notice] 21#21: exit
2023/10/10 08:37:37 [notice] 23#23: exit
2023/10/10 08:37:37 [notice] 25#25: exit
2023/10/10 08:37:37 [notice] 1#1: signal 17 (SIGCHLD) received from 22
2023/10/10 08:37:37 [notice] 1#1: worker process 22 exited with code 0
2023/10/10 08:37:37 [notice] 1#1: signal 29 (SIGIO) received
2023/10/10 08:37:37 [notice] 1#1: signal 17 (SIGCHLD) received from 20
2023/10/10 08:37:37 [notice] 1#1: worker process 20 exited with code 0
2023/10/10 08:37:37 [notice] 1#1: worker process 21 exited with code 0
2023/10/10 08:37:37 [notice] 1#1: signal 29 (SIGIO) received
2023/10/10 08:37:37 [notice] 1#1: signal 17 (SIGCHLD) received from 21
2023/10/10 08:37:37 [notice] 1#1: signal 17 (SIGCHLD) received from 23
2023/10/10 08:37:37 [notice] 1#1: worker process 23 exited with code 0
2023/10/10 08:37:37 [notice] 1#1: signal 29 (SIGIO) received
2023/10/10 08:37:37 [notice] 1#1: signal 17 (SIGCHLD) received from 25
2023/10/10 08:37:37 [notice] 1#1: worker process 25 exited with code 0
2023/10/10 08:37:37 [notice] 1#1: signal 29 (SIGIO) received
2023/10/10 08:38:06 [notice] 1#1: using the "epoll" event method
2023/10/10 08:38:06 [notice] 1#1: nginx/1.25.2
2023/10/10 08:38:06 [notice] 1#1: built by gcc 12.2.1 20220924 (Alpine 12.2.1_git20220924-r10) 
2023/10/10 08:38:06 [notice] 1#1: OS: Linux 5.15.49-linuxkit-pr
2023/10/10 08:38:06 [notice] 1#1: getrlimit(RLIMIT_NOFILE): 1048576:1048576
2023/10/10 08:38:06 [notice] 1#1: start worker processes
2023/10/10 08:38:06 [notice] 1#1: start worker process 19
2023/10/10 08:38:06 [notice] 1#1: start worker process 20
2023/10/10 08:38:06 [notice] 1#1: start worker process 21
2023/10/10 08:38:06 [notice] 1#1: start worker process 22
2023/10/10 08:38:06 [notice] 1#1: start worker process 23
2023/10/10 08:38:06 [notice] 1#1: start worker process 24
2023/10/10 08:45:22 [notice] 1#1: signal 3 (SIGQUIT) received, shutting down
2023/10/10 08:45:22 [notice] 20#20: gracefully shutting down
2023/10/10 08:45:22 [notice] 21#21: gracefully shutting down
2023/10/10 08:45:22 [notice] 19#19: gracefully shutting down
2023/10/10 08:45:22 [notice] 23#23: gracefully shutting down
2023/10/10 08:45:22 [notice] 22#22: gracefully shutting down
2023/10/10 08:45:22 [notice] 24#24: gracefully shutting down
2023/10/10 08:45:22 [notice] 22#22: exiting
2023/10/10 08:45:22 [notice] 20#20: exiting
2023/10/10 08:45:22 [notice] 21#21: exiting
2023/10/10 08:45:22 [notice] 24#24: exiting
2023/10/10 08:45:22 [notice] 19#19: exiting
2023/10/10 08:45:22 [notice] 23#23: exiting
2023/10/10 08:45:22 [notice] 21#21: exit
2023/10/10 08:45:22 [notice] 19#19: exit
2023/10/10 08:45:22 [notice] 24#24: exit
2023/10/10 08:45:22 [notice] 23#23: exit
2023/10/10 08:45:22 [notice] 22#22: exit
2023/10/10 08:45:22 [notice] 20#20: exit
2023/10/10 08:45:22 [notice] 1#1: signal 17 (SIGCHLD) received from 20
2023/10/10 08:45:22 [notice] 1#1: worker process 20 exited with code 0
2023/10/10 08:45:22 [notice] 1#1: worker process 23 exited with code 0
2023/10/10 08:45:22 [notice] 1#1: signal 29 (SIGIO) received
2023/10/10 08:45:22 [notice] 1#1: signal 17 (SIGCHLD) received from 23
2023/10/10 08:45:22 [notice] 1#1: signal 17 (SIGCHLD) received from 22
2023/10/10 08:45:22 [notice] 1#1: worker process 22 exited with code 0
2023/10/10 08:45:22 [notice] 1#1: signal 29 (SIGIO) received
2023/10/10 08:45:22 [notice] 1#1: signal 17 (SIGCHLD) received from 21
2023/10/10 08:45:22 [notice] 1#1: worker process 21 exited with code 0
2023/10/10 08:45:22 [notice] 1#1: worker process 19 exited with code 0
2023/10/10 08:45:22 [notice] 1#1: worker process 24 exited with code 0
2023/10/10 08:45:22 [notice] 1#1: signal 17 (SIGCHLD) received from 19
2023/10/10 08:45:22 [notice] 1#1: exit
2023/10/10 08:45:41 [notice] 1#1: using the "epoll" event method
2023/10/10 08:45:41 [notice] 1#1: nginx/1.25.2
2023/10/10 08:45:41 [notice] 1#1: built by gcc 12.2.1 20220924 (Alpine 12.2.1_git20220924-r10) 
2023/10/10 08:45:41 [notice] 1#1: OS: Linux 5.15.49-linuxkit-pr
2023/10/10 08:45:41 [notice] 1#1: getrlimit(RLIMIT_NOFILE): 1048576:1048576
2023/10/10 08:45:41 [notice] 1#1: start worker processes
2023/10/10 08:45:41 [notice] 1#1: start worker process 19
2023/10/10 08:45:41 [notice] 1#1: start worker process 20
2023/10/10 08:45:41 [notice] 1#1: start worker process 21
2023/10/10 08:45:41 [notice] 1#1: start worker process 22
2023/10/10 08:45:41 [notice] 1#1: start worker process 23
2023/10/10 08:45:41 [notice] 1#1: start worker process 24
2023/10/10 09:20:40 [notice] 1#1: signal 3 (SIGQUIT) received, shutting down
2023/10/10 09:20:40 [notice] 20#20: gracefully shutting down
2023/10/10 09:20:40 [notice] 23#23: gracefully shutting down
2023/10/10 09:20:40 [notice] 21#21: gracefully shutting down
2023/10/10 09:20:40 [notice] 20#20: exiting
2023/10/10 09:20:40 [notice] 24#24: gracefully shutting down
2023/10/10 09:20:40 [notice] 20#20: exit
2023/10/10 09:20:40 [notice] 24#24: exiting
2023/10/10 09:20:40 [notice] 22#22: gracefully shutting down
2023/10/10 09:20:40 [notice] 19#19: gracefully shutting down
2023/10/10 09:20:40 [notice] 23#23: exiting
2023/10/10 09:20:40 [notice] 21#21: exiting
2023/10/10 09:20:40 [notice] 24#24: exit
2023/10/10 09:20:40 [notice] 22#22: exiting
2023/10/10 09:20:40 [notice] 23#23: exit
2023/10/10 09:20:40 [notice] 21#21: exit
2023/10/10 09:20:40 [notice] 22#22: exit
2023/10/10 09:20:40 [notice] 1#1: signal 17 (SIGCHLD) received from 20
2023/10/10 09:20:40 [notice] 1#1: worker process 20 exited with code 0
2023/10/10 09:20:40 [notice] 1#1: signal 29 (SIGIO) received
2023/10/10 09:20:40 [notice] 1#1: signal 17 (SIGCHLD) received from 24
2023/10/10 09:20:40 [notice] 1#1: worker process 24 exited with code 0
2023/10/10 09:20:40 [notice] 1#1: worker process 21 exited with code 0
2023/10/10 09:20:40 [notice] 1#1: worker process 23 exited with code 0
2023/10/10 09:20:40 [notice] 1#1: signal 29 (SIGIO) received
2023/10/10 09:20:40 [notice] 1#1: signal 17 (SIGCHLD) received from 23
2023/10/10 09:20:40 [notice] 1#1: signal 17 (SIGCHLD) received from 22
2023/10/10 09:20:40 [notice] 1#1: worker process 22 exited with code 0
2023/10/10 09:20:40 [notice] 1#1: signal 29 (SIGIO) received
2023/10/10 09:21:07 [notice] 1#1: using the "epoll" event method
2023/10/10 09:21:07 [notice] 1#1: nginx/1.25.2
2023/10/10 09:21:07 [notice] 1#1: built by gcc 12.2.1 20220924 (Alpine 12.2.1_git20220924-r10) 
2023/10/10 09:21:07 [notice] 1#1: OS: Linux 5.15.49-linuxkit-pr
2023/10/10 09:21:07 [notice] 1#1: getrlimit(RLIMIT_NOFILE): 1048576:1048576
2023/10/10 09:21:07 [notice] 1#1: start worker processes
2023/10/10 09:21:07 [notice] 1#1: start worker process 20
2023/10/10 09:21:07 [notice] 1#1: start worker process 21
2023/10/10 09:21:07 [notice] 1#1: start worker process 22
2023/10/10 09:21:07 [notice] 1#1: start worker process 23
2023/10/10 09:21:07 [notice] 1#1: start worker process 24
2023/10/10 09:21:07 [notice] 1#1: start worker process 25
2023/10/10 09:30:45 [notice] 1#1: signal 3 (SIGQUIT) received, shutting down
2023/10/10 09:30:45 [notice] 20#20: gracefully shutting down
2023/10/10 09:30:45 [notice] 21#21: gracefully shutting down
2023/10/10 09:30:45 [notice] 23#23: gracefully shutting down
2023/10/10 09:30:45 [notice] 24#24: gracefully shutting down
2023/10/10 09:30:45 [notice] 22#22: gracefully shutting down
2023/10/10 09:30:45 [notice] 25#25: gracefully shutting down
2023/10/10 09:30:45 [notice] 21#21: exiting
2023/10/10 09:30:45 [notice] 23#23: exiting
2023/10/10 09:30:45 [notice] 24#24: exiting
2023/10/10 09:30:45 [notice] 22#22: exiting
2023/10/10 09:30:45 [notice] 25#25: exiting
2023/10/10 09:30:45 [notice] 23#23: exit
2023/10/10 09:30:45 [notice] 24#24: exit
2023/10/10 09:30:45 [notice] 21#21: exit
2023/10/10 09:30:45 [notice] 22#22: exit
2023/10/10 09:30:45 [notice] 25#25: exit
2023/10/10 09:30:45 [notice] 1#1: signal 17 (SIGCHLD) received from 24
2023/10/10 09:30:45 [notice] 1#1: worker process 21 exited with code 0
2023/10/10 09:30:45 [notice] 1#1: worker process 24 exited with code 0
2023/10/10 09:30:45 [notice] 1#1: worker process 25 exited with code 0
2023/10/10 09:30:45 [notice] 1#1: signal 29 (SIGIO) received
2023/10/10 09:30:45 [notice] 1#1: signal 17 (SIGCHLD) received from 21
2023/10/10 09:30:45 [notice] 1#1: signal 17 (SIGCHLD) received from 23
2023/10/10 09:30:45 [notice] 1#1: worker process 23 exited with code 0
2023/10/10 09:30:45 [notice] 1#1: signal 29 (SIGIO) received
2023/10/10 09:30:45 [notice] 1#1: signal 17 (SIGCHLD) received from 22
2023/10/10 09:30:45 [notice] 1#1: worker process 22 exited with code 0
2023/10/10 09:30:45 [notice] 1#1: signal 29 (SIGIO) received
2023/10/10 09:31:26 [notice] 1#1: using the "epoll" event method
2023/10/10 09:31:26 [notice] 1#1: nginx/1.25.2
2023/10/10 09:31:26 [notice] 1#1: built by gcc 12.2.1 20220924 (Alpine 12.2.1_git20220924-r10) 
2023/10/10 09:31:26 [notice] 1#1: OS: Linux 5.15.49-linuxkit-pr
2023/10/10 09:31:26 [notice] 1#1: getrlimit(RLIMIT_NOFILE): 1048576:1048576
2023/10/10 09:31:26 [notice] 1#1: start worker processes
2023/10/10 09:31:26 [notice] 1#1: start worker process 20
2023/10/10 09:31:26 [notice] 1#1: start worker process 21
2023/10/10 09:31:26 [notice] 1#1: start worker process 22
2023/10/10 09:31:26 [notice] 1#1: start worker process 23
2023/10/10 09:31:26 [notice] 1#1: start worker process 24
2023/10/10 09:31:26 [notice] 1#1: start worker process 25
2023/10/12 20:31:46 [notice] 1#1: signal 3 (SIGQUIT) received, shutting down
2023/10/12 20:31:46 [notice] 20#20: gracefully shutting down
2023/10/12 20:31:46 [notice] 21#21: gracefully shutting down
2023/10/12 20:31:46 [notice] 23#23: gracefully shutting down
2023/10/12 20:31:46 [notice] 20#20: exiting
2023/10/12 20:31:46 [notice] 24#24: gracefully shutting down
2023/10/12 20:31:46 [notice] 22#22: gracefully shutting down
2023/10/12 20:31:46 [notice] 25#25: gracefully shutting down
2023/10/12 20:31:46 [notice] 23#23: exiting
2023/10/12 20:31:46 [notice] 20#20: exit
2023/10/12 20:31:46 [notice] 24#24: exiting
2023/10/12 20:31:46 [notice] 22#22: exiting
2023/10/12 20:31:46 [notice] 23#23: exit
2023/10/12 20:31:46 [notice] 24#24: exit
2023/10/12 20:31:46 [notice] 25#25: exiting
2023/10/12 20:31:46 [notice] 22#22: exit
2023/10/12 20:31:46 [notice] 25#25: exit
2023/10/12 20:31:46 [notice] 1#1: signal 17 (SIGCHLD) received from 23
2023/10/12 20:31:46 [notice] 1#1: worker process 23 exited with code 0
2023/10/12 20:31:46 [notice] 1#1: signal 29 (SIGIO) received
2023/10/12 20:31:46 [notice] 1#1: signal 17 (SIGCHLD) received from 20
2023/10/12 20:31:46 [notice] 1#1: worker process 20 exited with code 0
2023/10/12 20:31:46 [notice] 1#1: signal 29 (SIGIO) received
2023/10/12 20:31:46 [notice] 1#1: signal 17 (SIGCHLD) received from 25
2023/10/12 20:31:46 [notice] 1#1: worker process 22 exited with code 0
2023/10/12 20:31:46 [notice] 1#1: worker process 24 exited with code 0
2023/10/12 20:31:46 [notice] 1#1: worker process 25 exited with code 0
2023/10/12 20:31:46 [notice] 1#1: signal 29 (SIGIO) received
2023/10/12 20:31:46 [notice] 1#1: signal 17 (SIGCHLD) received from 22
2023/10/12 20:33:15 [notice] 1#1: using the "epoll" event method
2023/10/12 20:33:15 [notice] 1#1: nginx/1.25.2
2023/10/12 20:33:15 [notice] 1#1: built by gcc 12.2.1 20220924 (Alpine 12.2.1_git20220924-r10) 
2023/10/12 20:33:15 [notice] 1#1: OS: Linux 5.15.49-linuxkit-pr
2023/10/12 20:33:15 [notice] 1#1: getrlimit(RLIMIT_NOFILE): 1048576:1048576
2023/10/12 20:33:15 [notice] 1#1: start worker processes
2023/10/12 20:33:15 [notice] 1#1: start worker process 20
2023/10/12 20:33:15 [notice] 1#1: start worker process 21
2023/10/12 20:33:15 [notice] 1#1: start worker process 22
2023/10/12 20:33:15 [notice] 1#1: start worker process 23
2023/10/12 20:33:15 [notice] 1#1: start worker process 24
2023/10/12 20:33:15 [notice] 1#1: start worker process 25
2023/10/13 07:51:15 [notice] 1#1: signal 3 (SIGQUIT) received, shutting down
2023/10/13 07:51:15 [notice] 21#21: gracefully shutting down
2023/10/13 07:51:15 [notice] 22#22: gracefully shutting down
2023/10/13 07:51:15 [notice] 25#25: gracefully shutting down
2023/10/13 07:51:15 [notice] 21#21: exiting
2023/10/13 07:51:15 [notice] 24#24: gracefully shutting down
2023/10/13 07:51:15 [notice] 20#20: gracefully shutting down
2023/10/13 07:51:15 [notice] 23#23: gracefully shutting down
2023/10/13 07:51:15 [notice] 22#22: exiting
2023/10/13 07:51:15 [notice] 25#25: exiting
2023/10/13 07:51:15 [notice] 24#24: exiting
2023/10/13 07:51:15 [notice] 22#22: exit
2023/10/13 07:51:15 [notice] 21#21: exit
2023/10/13 07:51:15 [notice] 25#25: exit
2023/10/13 07:51:15 [notice] 20#20: exiting
2023/10/13 07:51:15 [notice] 24#24: exit
2023/10/13 07:51:15 [notice] 23#23: exiting
2023/10/13 07:51:15 [notice] 20#20: exit
2023/10/13 07:51:15 [notice] 23#23: exit
2023/10/13 07:51:15 [notice] 1#1: signal 17 (SIGCHLD) received from 22
2023/10/13 07:51:15 [notice] 1#1: worker process 21 exited with code 0
2023/10/13 07:51:15 [notice] 1#1: worker process 20 exited with code 0
2023/10/13 07:51:15 [notice] 1#1: worker process 22 exited with code 0
2023/10/13 07:51:15 [notice] 1#1: worker process 25 exited with code 0
2023/10/13 07:51:15 [notice] 1#1: signal 29 (SIGIO) received
2023/10/13 07:51:15 [notice] 1#1: signal 17 (SIGCHLD) received from 21
2023/10/13 07:51:15 [notice] 1#1: worker process 24 exited with code 0
2023/10/13 07:51:15 [notice] 1#1: signal 17 (SIGCHLD) received from 24
2023/10/13 07:51:15 [notice] 1#1: signal 17 (SIGCHLD) received from 23
2023/10/13 07:51:15 [notice] 1#1: worker process 23 exited with code 0
2023/10/13 07:51:15 [notice] 1#1: exit
